{"/Users/alejandroparra/Documents/Web/stock-advisor/stock-advisor-backend/controllers/Stock.js": {"path":"/Users/alejandroparra/Documents/Web/stock-advisor/stock-advisor-backend/controllers/Stock.js","statementMap":{"0":{"start":{"line":1,"column":14},"end":{"line":1,"column":39}},"1":{"start":{"line":2,"column":13},"end":{"line":2,"column":37}},"2":{"start":{"line":3,"column":17},"end":{"line":3,"column":42}},"3":{"start":{"line":4,"column":12},"end":{"line":4,"column":35}},"4":{"start":{"line":5,"column":15},"end":{"line":5,"column":42}},"5":{"start":{"line":6,"column":14},"end":{"line":6,"column":44}},"6":{"start":{"line":10,"column":4},"end":{"line":12,"column":5}},"7":{"start":{"line":11,"column":8},"end":{"line":11,"column":55}},"8":{"start":{"line":14,"column":4},"end":{"line":14,"column":26}},"9":{"start":{"line":15,"column":23},"end":{"line":15,"column":54}},"10":{"start":{"line":16,"column":17},"end":{"line":16,"column":42}},"11":{"start":{"line":17,"column":16},"end":{"line":17,"column":53}},"12":{"start":{"line":21,"column":4},"end":{"line":24,"column":7}},"13":{"start":{"line":22,"column":8},"end":{"line":22,"column":31}},"14":{"start":{"line":26,"column":4},"end":{"line":47,"column":5}},"15":{"start":{"line":27,"column":8},"end":{"line":27,"column":57}},"16":{"start":{"line":29,"column":8},"end":{"line":45,"column":9}},"17":{"start":{"line":30,"column":12},"end":{"line":36,"column":13}},"18":{"start":{"line":31,"column":16},"end":{"line":31,"column":52}},"19":{"start":{"line":34,"column":16},"end":{"line":34,"column":33}},"20":{"start":{"line":35,"column":16},"end":{"line":35,"column":73}},"21":{"start":{"line":38,"column":12},"end":{"line":44,"column":13}},"22":{"start":{"line":39,"column":16},"end":{"line":39,"column":79}},"23":{"start":{"line":42,"column":16},"end":{"line":42,"column":33}},"24":{"start":{"line":43,"column":16},"end":{"line":43,"column":73}},"25":{"start":{"line":49,"column":4},"end":{"line":49,"column":40}},"26":{"start":{"line":54,"column":4},"end":{"line":56,"column":5}},"27":{"start":{"line":55,"column":8},"end":{"line":55,"column":55}},"28":{"start":{"line":57,"column":4},"end":{"line":57,"column":26}},"29":{"start":{"line":58,"column":17},"end":{"line":58,"column":42}},"30":{"start":{"line":59,"column":20},"end":{"line":59,"column":48}},"31":{"start":{"line":61,"column":16},"end":{"line":61,"column":53}},"32":{"start":{"line":65,"column":4},"end":{"line":68,"column":7}},"33":{"start":{"line":66,"column":8},"end":{"line":66,"column":31}},"34":{"start":{"line":70,"column":4},"end":{"line":72,"column":5}},"35":{"start":{"line":71,"column":8},"end":{"line":71,"column":57}},"36":{"start":{"line":76,"column":19},"end":{"line":76,"column":29}},"37":{"start":{"line":77,"column":4},"end":{"line":77,"column":26}},"38":{"start":{"line":78,"column":15},"end":{"line":78,"column":37}},"39":{"start":{"line":79,"column":16},"end":{"line":79,"column":35}},"40":{"start":{"line":80,"column":4},"end":{"line":80,"column":63}},"41":{"start":{"line":81,"column":14},"end":{"line":81,"column":32}},"42":{"start":{"line":82,"column":4},"end":{"line":82,"column":43}},"43":{"start":{"line":83,"column":20},"end":{"line":83,"column":45}},"44":{"start":{"line":84,"column":18},"end":{"line":84,"column":47}},"45":{"start":{"line":85,"column":4},"end":{"line":85,"column":27}},"46":{"start":{"line":86,"column":4},"end":{"line":86,"column":24}},"47":{"start":{"line":87,"column":19},"end":{"line":87,"column":51}},"48":{"start":{"line":89,"column":4},"end":{"line":98,"column":5}},"49":{"start":{"line":90,"column":8},"end":{"line":90,"column":71}},"50":{"start":{"line":91,"column":8},"end":{"line":91,"column":96}},"51":{"start":{"line":91,"column":36},"end":{"line":91,"column":96}},"52":{"start":{"line":92,"column":8},"end":{"line":92,"column":87}},"53":{"start":{"line":93,"column":8},"end":{"line":93,"column":82}},"54":{"start":{"line":93,"column":31},"end":{"line":93,"column":82}},"55":{"start":{"line":96,"column":8},"end":{"line":96,"column":25}},"56":{"start":{"line":97,"column":8},"end":{"line":97,"column":65}},"57":{"start":{"line":100,"column":26},"end":{"line":100,"column":102}},"58":{"start":{"line":101,"column":21},"end":{"line":115,"column":6}},"59":{"start":{"line":102,"column":20},"end":{"line":104,"column":17}},"60":{"start":{"line":103,"column":12},"end":{"line":103,"column":20}},"61":{"start":{"line":105,"column":8},"end":{"line":111,"column":11}},"62":{"start":{"line":106,"column":12},"end":{"line":106,"column":34}},"63":{"start":{"line":107,"column":28},"end":{"line":107,"column":43}},"64":{"start":{"line":108,"column":12},"end":{"line":108,"column":41}},"65":{"start":{"line":109,"column":12},"end":{"line":109,"column":32}},"66":{"start":{"line":110,"column":12},"end":{"line":110,"column":19}},"67":{"start":{"line":113,"column":8},"end":{"line":113,"column":25}},"68":{"start":{"line":114,"column":8},"end":{"line":114,"column":64}},"69":{"start":{"line":117,"column":4},"end":{"line":117,"column":39}},"70":{"start":{"line":118,"column":4},"end":{"line":118,"column":27}},"71":{"start":{"line":119,"column":4},"end":{"line":119,"column":32}},"72":{"start":{"line":121,"column":4},"end":{"line":125,"column":5}},"73":{"start":{"line":122,"column":8},"end":{"line":122,"column":36}},"74":{"start":{"line":123,"column":11},"end":{"line":125,"column":5}},"75":{"start":{"line":124,"column":8},"end":{"line":124,"column":36}},"76":{"start":{"line":128,"column":20},"end":{"line":128,"column":32}},"77":{"start":{"line":129,"column":16},"end":{"line":129,"column":37}},"78":{"start":{"line":130,"column":17},"end":{"line":130,"column":35}},"79":{"start":{"line":131,"column":4},"end":{"line":131,"column":67}},"80":{"start":{"line":132,"column":15},"end":{"line":132,"column":32}},"81":{"start":{"line":133,"column":4},"end":{"line":133,"column":59}},"82":{"start":{"line":134,"column":21},"end":{"line":134,"column":49}},"83":{"start":{"line":135,"column":4},"end":{"line":135,"column":55}},"84":{"start":{"line":136,"column":17},"end":{"line":154,"column":5}},"85":{"start":{"line":144,"column":29},"end":{"line":144,"column":38}},"86":{"start":{"line":145,"column":24},"end":{"line":145,"column":46}},"87":{"start":{"line":146,"column":25},"end":{"line":146,"column":44}},"88":{"start":{"line":147,"column":12},"end":{"line":147,"column":75}},"89":{"start":{"line":148,"column":23},"end":{"line":148,"column":41}},"90":{"start":{"line":149,"column":12},"end":{"line":149,"column":55}},"91":{"start":{"line":150,"column":30},"end":{"line":150,"column":58}},"92":{"start":{"line":151,"column":12},"end":{"line":151,"column":59}},"93":{"start":{"line":153,"column":60},"end":{"line":153,"column":101}},"94":{"start":{"line":156,"column":4},"end":{"line":156,"column":40}},"95":{"start":{"line":162,"column":4},"end":{"line":164,"column":5}},"96":{"start":{"line":163,"column":8},"end":{"line":163,"column":55}},"97":{"start":{"line":166,"column":4},"end":{"line":166,"column":26}},"98":{"start":{"line":167,"column":17},"end":{"line":167,"column":42}},"99":{"start":{"line":168,"column":20},"end":{"line":168,"column":48}},"100":{"start":{"line":169,"column":23},"end":{"line":169,"column":54}},"101":{"start":{"line":170,"column":24},"end":{"line":170,"column":56}},"102":{"start":{"line":172,"column":16},"end":{"line":172,"column":53}},"103":{"start":{"line":175,"column":4},"end":{"line":178,"column":7}},"104":{"start":{"line":176,"column":8},"end":{"line":176,"column":31}},"105":{"start":{"line":180,"column":4},"end":{"line":182,"column":5}},"106":{"start":{"line":181,"column":8},"end":{"line":181,"column":57}},"107":{"start":{"line":183,"column":19},"end":{"line":183,"column":29}},"108":{"start":{"line":185,"column":15},"end":{"line":185,"column":37}},"109":{"start":{"line":186,"column":16},"end":{"line":186,"column":35}},"110":{"start":{"line":187,"column":4},"end":{"line":187,"column":63}},"111":{"start":{"line":188,"column":14},"end":{"line":188,"column":32}},"112":{"start":{"line":189,"column":4},"end":{"line":189,"column":43}},"113":{"start":{"line":190,"column":20},"end":{"line":190,"column":45}},"114":{"start":{"line":191,"column":24},"end":{"line":191,"column":53}},"115":{"start":{"line":194,"column":4},"end":{"line":202,"column":5}},"116":{"start":{"line":195,"column":8},"end":{"line":195,"column":80}},"117":{"start":{"line":196,"column":8},"end":{"line":196,"column":71}},"118":{"start":{"line":200,"column":8},"end":{"line":200,"column":25}},"119":{"start":{"line":201,"column":8},"end":{"line":201,"column":65}},"120":{"start":{"line":204,"column":4},"end":{"line":204,"column":27}},"121":{"start":{"line":205,"column":16},"end":{"line":205,"column":37}},"122":{"start":{"line":206,"column":17},"end":{"line":206,"column":35}},"123":{"start":{"line":207,"column":4},"end":{"line":207,"column":67}},"124":{"start":{"line":208,"column":15},"end":{"line":208,"column":32}},"125":{"start":{"line":209,"column":4},"end":{"line":209,"column":59}},"126":{"start":{"line":210,"column":21},"end":{"line":210,"column":49}},"127":{"start":{"line":212,"column":4},"end":{"line":235,"column":5}},"128":{"start":{"line":213,"column":8},"end":{"line":222,"column":9}},"129":{"start":{"line":223,"column":8},"end":{"line":223,"column":36}},"130":{"start":{"line":224,"column":8},"end":{"line":231,"column":9}},"131":{"start":{"line":225,"column":31},"end":{"line":225,"column":100}},"132":{"start":{"line":226,"column":12},"end":{"line":226,"column":56}},"133":{"start":{"line":229,"column":12},"end":{"line":229,"column":29}},"134":{"start":{"line":230,"column":12},"end":{"line":230,"column":71}},"135":{"start":{"line":234,"column":8},"end":{"line":234,"column":79}},"136":{"start":{"line":241,"column":4},"end":{"line":243,"column":5}},"137":{"start":{"line":242,"column":8},"end":{"line":242,"column":55}},"138":{"start":{"line":244,"column":17},"end":{"line":244,"column":42}},"139":{"start":{"line":245,"column":14},"end":{"line":245,"column":36}},"140":{"start":{"line":246,"column":16},"end":{"line":246,"column":53}},"141":{"start":{"line":247,"column":20},"end":{"line":247,"column":48}},"142":{"start":{"line":251,"column":4},"end":{"line":254,"column":7}},"143":{"start":{"line":252,"column":8},"end":{"line":252,"column":31}},"144":{"start":{"line":257,"column":4},"end":{"line":259,"column":5}},"145":{"start":{"line":258,"column":8},"end":{"line":258,"column":57}},"146":{"start":{"line":261,"column":19},"end":{"line":261,"column":29}},"147":{"start":{"line":262,"column":4},"end":{"line":262,"column":26}},"148":{"start":{"line":263,"column":15},"end":{"line":263,"column":37}},"149":{"start":{"line":264,"column":16},"end":{"line":264,"column":35}},"150":{"start":{"line":265,"column":4},"end":{"line":265,"column":63}},"151":{"start":{"line":266,"column":14},"end":{"line":266,"column":32}},"152":{"start":{"line":267,"column":4},"end":{"line":267,"column":43}},"153":{"start":{"line":268,"column":20},"end":{"line":268,"column":45}},"154":{"start":{"line":269,"column":14},"end":{"line":269,"column":43}},"155":{"start":{"line":273,"column":4},"end":{"line":279,"column":5}},"156":{"start":{"line":274,"column":8},"end":{"line":274,"column":56}},"157":{"start":{"line":278,"column":8},"end":{"line":278,"column":65}},"158":{"start":{"line":280,"column":25},"end":{"line":280,"column":89}},"159":{"start":{"line":280,"column":61},"end":{"line":280,"column":88}},"160":{"start":{"line":281,"column":4},"end":{"line":281,"column":31}},"161":{"start":{"line":284,"column":4},"end":{"line":292,"column":5}},"162":{"start":{"line":285,"column":8},"end":{"line":285,"column":70}},"163":{"start":{"line":286,"column":8},"end":{"line":286,"column":70}},"164":{"start":{"line":291,"column":8},"end":{"line":291,"column":65}},"165":{"start":{"line":295,"column":4},"end":{"line":295,"column":27}},"166":{"start":{"line":296,"column":16},"end":{"line":296,"column":37}},"167":{"start":{"line":297,"column":17},"end":{"line":297,"column":35}},"168":{"start":{"line":298,"column":4},"end":{"line":298,"column":67}},"169":{"start":{"line":299,"column":15},"end":{"line":299,"column":32}},"170":{"start":{"line":300,"column":4},"end":{"line":300,"column":59}},"171":{"start":{"line":301,"column":21},"end":{"line":301,"column":49}},"172":{"start":{"line":304,"column":4},"end":{"line":322,"column":5}},"173":{"start":{"line":305,"column":30},"end":{"line":309,"column":9}},"174":{"start":{"line":311,"column":8},"end":{"line":317,"column":9}},"175":{"start":{"line":312,"column":12},"end":{"line":312,"column":99}},"176":{"start":{"line":315,"column":12},"end":{"line":315,"column":28}},"177":{"start":{"line":316,"column":12},"end":{"line":316,"column":69}},"178":{"start":{"line":318,"column":8},"end":{"line":318,"column":33}},"179":{"start":{"line":321,"column":8},"end":{"line":321,"column":64}},"180":{"start":{"line":323,"column":4},"end":{"line":323,"column":71}},"181":{"start":{"line":328,"column":4},"end":{"line":330,"column":5}},"182":{"start":{"line":329,"column":8},"end":{"line":329,"column":55}},"183":{"start":{"line":331,"column":4},"end":{"line":331,"column":26}},"184":{"start":{"line":332,"column":17},"end":{"line":332,"column":42}},"185":{"start":{"line":333,"column":16},"end":{"line":333,"column":53}},"186":{"start":{"line":337,"column":4},"end":{"line":340,"column":7}},"187":{"start":{"line":338,"column":8},"end":{"line":338,"column":31}},"188":{"start":{"line":342,"column":4},"end":{"line":344,"column":5}},"189":{"start":{"line":343,"column":8},"end":{"line":343,"column":57}},"190":{"start":{"line":346,"column":4},"end":{"line":353,"column":5}},"191":{"start":{"line":347,"column":8},"end":{"line":347,"column":56}},"192":{"start":{"line":348,"column":8},"end":{"line":348,"column":27}},"193":{"start":{"line":351,"column":8},"end":{"line":351,"column":25}},"194":{"start":{"line":352,"column":8},"end":{"line":352,"column":65}},"195":{"start":{"line":354,"column":19},"end":{"line":357,"column":5}},"196":{"start":{"line":355,"column":66},"end":{"line":355,"column":107}},"197":{"start":{"line":355,"column":96},"end":{"line":355,"column":107}},"198":{"start":{"line":356,"column":66},"end":{"line":356,"column":107}},"199":{"start":{"line":356,"column":96},"end":{"line":356,"column":107}},"200":{"start":{"line":359,"column":4},"end":{"line":359,"column":42}},"201":{"start":{"line":362,"column":0},"end":{"line":362,"column":41}},"202":{"start":{"line":363,"column":0},"end":{"line":363,"column":49}},"203":{"start":{"line":364,"column":0},"end":{"line":364,"column":35}},"204":{"start":{"line":365,"column":0},"end":{"line":365,"column":37}},"205":{"start":{"line":366,"column":0},"end":{"line":366,"column":53}}},"fnMap":{"0":{"name":"searchStock","decl":{"start":{"line":8,"column":15},"end":{"line":8,"column":26}},"loc":{"start":{"line":8,"column":43},"end":{"line":50,"column":1}},"line":8},"1":{"name":"(anonymous_1)","decl":{"start":{"line":21,"column":45},"end":{"line":21,"column":46}},"loc":{"start":{"line":21,"column":68},"end":{"line":24,"column":5}},"line":21},"2":{"name":"getStockDetails","decl":{"start":{"line":53,"column":15},"end":{"line":53,"column":30}},"loc":{"start":{"line":53,"column":47},"end":{"line":158,"column":1}},"line":53},"3":{"name":"(anonymous_3)","decl":{"start":{"line":65,"column":45},"end":{"line":65,"column":46}},"loc":{"start":{"line":65,"column":68},"end":{"line":68,"column":5}},"line":65},"4":{"name":"(anonymous_4)","decl":{"start":{"line":101,"column":39},"end":{"line":101,"column":40}},"loc":{"start":{"line":101,"column":60},"end":{"line":112,"column":5}},"line":101},"5":{"name":"(anonymous_5)","decl":{"start":{"line":102,"column":31},"end":{"line":102,"column":32}},"loc":{"start":{"line":102,"column":37},"end":{"line":104,"column":9}},"line":102},"6":{"name":"(anonymous_6)","decl":{"start":{"line":105,"column":40},"end":{"line":105,"column":41}},"loc":{"start":{"line":105,"column":50},"end":{"line":111,"column":9}},"line":105},"7":{"name":"(anonymous_7)","decl":{"start":{"line":112,"column":13},"end":{"line":112,"column":14}},"loc":{"start":{"line":112,"column":20},"end":{"line":115,"column":5}},"line":112},"8":{"name":"(anonymous_8)","decl":{"start":{"line":143,"column":28},"end":{"line":143,"column":29}},"loc":{"start":{"line":143,"column":38},"end":{"line":152,"column":9}},"line":143},"9":{"name":"(anonymous_9)","decl":{"start":{"line":153,"column":52},"end":{"line":153,"column":53}},"loc":{"start":{"line":153,"column":60},"end":{"line":153,"column":101}},"line":153},"10":{"name":"buyStock","decl":{"start":{"line":160,"column":15},"end":{"line":160,"column":23}},"loc":{"start":{"line":160,"column":40},"end":{"line":236,"column":1}},"line":160},"11":{"name":"(anonymous_11)","decl":{"start":{"line":175,"column":45},"end":{"line":175,"column":46}},"loc":{"start":{"line":175,"column":68},"end":{"line":178,"column":5}},"line":175},"12":{"name":"sellStock","decl":{"start":{"line":239,"column":15},"end":{"line":239,"column":24}},"loc":{"start":{"line":239,"column":41},"end":{"line":324,"column":1}},"line":239},"13":{"name":"(anonymous_13)","decl":{"start":{"line":251,"column":45},"end":{"line":251,"column":46}},"loc":{"start":{"line":251,"column":68},"end":{"line":254,"column":5}},"line":251},"14":{"name":"(anonymous_14)","decl":{"start":{"line":280,"column":53},"end":{"line":280,"column":54}},"loc":{"start":{"line":280,"column":61},"end":{"line":280,"column":88}},"line":280},"15":{"name":"getUserOperations","decl":{"start":{"line":326,"column":15},"end":{"line":326,"column":32}},"loc":{"start":{"line":326,"column":49},"end":{"line":360,"column":1}},"line":326},"16":{"name":"(anonymous_16)","decl":{"start":{"line":337,"column":45},"end":{"line":337,"column":46}},"loc":{"start":{"line":337,"column":68},"end":{"line":340,"column":5}},"line":337},"17":{"name":"(anonymous_17)","decl":{"start":{"line":355,"column":54},"end":{"line":355,"column":55}},"loc":{"start":{"line":355,"column":64},"end":{"line":355,"column":109}},"line":355},"18":{"name":"(anonymous_18)","decl":{"start":{"line":356,"column":54},"end":{"line":356,"column":55}},"loc":{"start":{"line":356,"column":64},"end":{"line":356,"column":109}},"line":356}},"branchMap":{"0":{"loc":{"start":{"line":10,"column":4},"end":{"line":12,"column":5}},"type":"if","locations":[{"start":{"line":10,"column":4},"end":{"line":12,"column":5}},{"start":{"line":10,"column":4},"end":{"line":12,"column":5}}],"line":10},"1":{"loc":{"start":{"line":26,"column":4},"end":{"line":47,"column":5}},"type":"if","locations":[{"start":{"line":26,"column":4},"end":{"line":47,"column":5}},{"start":{"line":26,"column":4},"end":{"line":47,"column":5}}],"line":26},"2":{"loc":{"start":{"line":29,"column":8},"end":{"line":45,"column":9}},"type":"if","locations":[{"start":{"line":29,"column":8},"end":{"line":45,"column":9}},{"start":{"line":29,"column":8},"end":{"line":45,"column":9}}],"line":29},"3":{"loc":{"start":{"line":54,"column":4},"end":{"line":56,"column":5}},"type":"if","locations":[{"start":{"line":54,"column":4},"end":{"line":56,"column":5}},{"start":{"line":54,"column":4},"end":{"line":56,"column":5}}],"line":54},"4":{"loc":{"start":{"line":54,"column":8},"end":{"line":54,"column":47}},"type":"binary-expr","locations":[{"start":{"line":54,"column":8},"end":{"line":54,"column":24}},{"start":{"line":54,"column":28},"end":{"line":54,"column":47}}],"line":54},"5":{"loc":{"start":{"line":70,"column":4},"end":{"line":72,"column":5}},"type":"if","locations":[{"start":{"line":70,"column":4},"end":{"line":72,"column":5}},{"start":{"line":70,"column":4},"end":{"line":72,"column":5}}],"line":70},"6":{"loc":{"start":{"line":80,"column":12},"end":{"line":80,"column":62}},"type":"cond-expr","locations":[{"start":{"line":80,"column":31},"end":{"line":80,"column":48}},{"start":{"line":80,"column":52},"end":{"line":80,"column":61}}],"line":80},"7":{"loc":{"start":{"line":82,"column":10},"end":{"line":82,"column":42}},"type":"cond-expr","locations":[{"start":{"line":82,"column":23},"end":{"line":82,"column":34}},{"start":{"line":82,"column":38},"end":{"line":82,"column":41}}],"line":82},"8":{"loc":{"start":{"line":91,"column":8},"end":{"line":91,"column":96}},"type":"if","locations":[{"start":{"line":91,"column":8},"end":{"line":91,"column":96}},{"start":{"line":91,"column":8},"end":{"line":91,"column":96}}],"line":91},"9":{"loc":{"start":{"line":93,"column":8},"end":{"line":93,"column":82}},"type":"if","locations":[{"start":{"line":93,"column":8},"end":{"line":93,"column":82}},{"start":{"line":93,"column":8},"end":{"line":93,"column":82}}],"line":93},"10":{"loc":{"start":{"line":121,"column":4},"end":{"line":125,"column":5}},"type":"if","locations":[{"start":{"line":121,"column":4},"end":{"line":125,"column":5}},{"start":{"line":121,"column":4},"end":{"line":125,"column":5}}],"line":121},"11":{"loc":{"start":{"line":123,"column":11},"end":{"line":125,"column":5}},"type":"if","locations":[{"start":{"line":123,"column":11},"end":{"line":125,"column":5}},{"start":{"line":123,"column":11},"end":{"line":125,"column":5}}],"line":123},"12":{"loc":{"start":{"line":131,"column":13},"end":{"line":131,"column":66}},"type":"cond-expr","locations":[{"start":{"line":131,"column":33},"end":{"line":131,"column":51}},{"start":{"line":131,"column":55},"end":{"line":131,"column":65}}],"line":131},"13":{"loc":{"start":{"line":133,"column":11},"end":{"line":133,"column":58}},"type":"cond-expr","locations":[{"start":{"line":133,"column":29},"end":{"line":133,"column":45}},{"start":{"line":133,"column":49},"end":{"line":133,"column":57}}],"line":133},"14":{"loc":{"start":{"line":147,"column":21},"end":{"line":147,"column":74}},"type":"cond-expr","locations":[{"start":{"line":147,"column":41},"end":{"line":147,"column":59}},{"start":{"line":147,"column":63},"end":{"line":147,"column":73}}],"line":147},"15":{"loc":{"start":{"line":149,"column":19},"end":{"line":149,"column":54}},"type":"cond-expr","locations":[{"start":{"line":149,"column":33},"end":{"line":149,"column":45}},{"start":{"line":149,"column":49},"end":{"line":149,"column":53}}],"line":149},"16":{"loc":{"start":{"line":162,"column":4},"end":{"line":164,"column":5}},"type":"if","locations":[{"start":{"line":162,"column":4},"end":{"line":164,"column":5}},{"start":{"line":162,"column":4},"end":{"line":164,"column":5}}],"line":162},"17":{"loc":{"start":{"line":162,"column":8},"end":{"line":162,"column":104}},"type":"binary-expr","locations":[{"start":{"line":162,"column":8},"end":{"line":162,"column":24}},{"start":{"line":162,"column":28},"end":{"line":162,"column":47}},{"start":{"line":162,"column":51},"end":{"line":162,"column":73}},{"start":{"line":162,"column":78},"end":{"line":162,"column":103}}],"line":162},"18":{"loc":{"start":{"line":180,"column":4},"end":{"line":182,"column":5}},"type":"if","locations":[{"start":{"line":180,"column":4},"end":{"line":182,"column":5}},{"start":{"line":180,"column":4},"end":{"line":182,"column":5}}],"line":180},"19":{"loc":{"start":{"line":187,"column":12},"end":{"line":187,"column":62}},"type":"cond-expr","locations":[{"start":{"line":187,"column":31},"end":{"line":187,"column":48}},{"start":{"line":187,"column":52},"end":{"line":187,"column":61}}],"line":187},"20":{"loc":{"start":{"line":189,"column":10},"end":{"line":189,"column":42}},"type":"cond-expr","locations":[{"start":{"line":189,"column":23},"end":{"line":189,"column":34}},{"start":{"line":189,"column":38},"end":{"line":189,"column":41}}],"line":189},"21":{"loc":{"start":{"line":207,"column":13},"end":{"line":207,"column":66}},"type":"cond-expr","locations":[{"start":{"line":207,"column":33},"end":{"line":207,"column":51}},{"start":{"line":207,"column":55},"end":{"line":207,"column":65}}],"line":207},"22":{"loc":{"start":{"line":209,"column":11},"end":{"line":209,"column":58}},"type":"cond-expr","locations":[{"start":{"line":209,"column":29},"end":{"line":209,"column":45}},{"start":{"line":209,"column":49},"end":{"line":209,"column":57}}],"line":209},"23":{"loc":{"start":{"line":212,"column":4},"end":{"line":235,"column":5}},"type":"if","locations":[{"start":{"line":212,"column":4},"end":{"line":235,"column":5}},{"start":{"line":212,"column":4},"end":{"line":235,"column":5}}],"line":212},"24":{"loc":{"start":{"line":241,"column":4},"end":{"line":243,"column":5}},"type":"if","locations":[{"start":{"line":241,"column":4},"end":{"line":243,"column":5}},{"start":{"line":241,"column":4},"end":{"line":243,"column":5}}],"line":241},"25":{"loc":{"start":{"line":241,"column":8},"end":{"line":241,"column":41}},"type":"binary-expr","locations":[{"start":{"line":241,"column":8},"end":{"line":241,"column":24}},{"start":{"line":241,"column":28},"end":{"line":241,"column":41}}],"line":241},"26":{"loc":{"start":{"line":257,"column":4},"end":{"line":259,"column":5}},"type":"if","locations":[{"start":{"line":257,"column":4},"end":{"line":259,"column":5}},{"start":{"line":257,"column":4},"end":{"line":259,"column":5}}],"line":257},"27":{"loc":{"start":{"line":265,"column":12},"end":{"line":265,"column":62}},"type":"cond-expr","locations":[{"start":{"line":265,"column":31},"end":{"line":265,"column":48}},{"start":{"line":265,"column":52},"end":{"line":265,"column":61}}],"line":265},"28":{"loc":{"start":{"line":267,"column":10},"end":{"line":267,"column":42}},"type":"cond-expr","locations":[{"start":{"line":267,"column":23},"end":{"line":267,"column":34}},{"start":{"line":267,"column":38},"end":{"line":267,"column":41}}],"line":267},"29":{"loc":{"start":{"line":298,"column":13},"end":{"line":298,"column":66}},"type":"cond-expr","locations":[{"start":{"line":298,"column":33},"end":{"line":298,"column":51}},{"start":{"line":298,"column":55},"end":{"line":298,"column":65}}],"line":298},"30":{"loc":{"start":{"line":300,"column":11},"end":{"line":300,"column":58}},"type":"cond-expr","locations":[{"start":{"line":300,"column":29},"end":{"line":300,"column":45}},{"start":{"line":300,"column":49},"end":{"line":300,"column":57}}],"line":300},"31":{"loc":{"start":{"line":304,"column":4},"end":{"line":322,"column":5}},"type":"if","locations":[{"start":{"line":304,"column":4},"end":{"line":322,"column":5}},{"start":{"line":304,"column":4},"end":{"line":322,"column":5}}],"line":304},"32":{"loc":{"start":{"line":328,"column":4},"end":{"line":330,"column":5}},"type":"if","locations":[{"start":{"line":328,"column":4},"end":{"line":330,"column":5}},{"start":{"line":328,"column":4},"end":{"line":330,"column":5}}],"line":328},"33":{"loc":{"start":{"line":342,"column":4},"end":{"line":344,"column":5}},"type":"if","locations":[{"start":{"line":342,"column":4},"end":{"line":344,"column":5}},{"start":{"line":342,"column":4},"end":{"line":344,"column":5}}],"line":342},"34":{"loc":{"start":{"line":355,"column":66},"end":{"line":355,"column":107}},"type":"if","locations":[{"start":{"line":355,"column":66},"end":{"line":355,"column":107}},{"start":{"line":355,"column":66},"end":{"line":355,"column":107}}],"line":355},"35":{"loc":{"start":{"line":356,"column":66},"end":{"line":356,"column":107}},"type":"if","locations":[{"start":{"line":356,"column":66},"end":{"line":356,"column":107}},{"start":{"line":356,"column":66},"end":{"line":356,"column":107}}],"line":356}},"s":{"0":1,"1":1,"2":1,"3":1,"4":1,"5":1,"6":2,"7":0,"8":2,"9":2,"10":2,"11":2,"12":2,"13":2,"14":2,"15":0,"16":2,"17":1,"18":1,"19":0,"20":0,"21":1,"22":1,"23":0,"24":0,"25":2,"26":1,"27":0,"28":1,"29":1,"30":1,"31":1,"32":1,"33":1,"34":1,"35":0,"36":1,"37":1,"38":1,"39":1,"40":1,"41":1,"42":1,"43":1,"44":1,"45":1,"46":1,"47":1,"48":1,"49":1,"50":1,"51":0,"52":1,"53":1,"54":0,"55":0,"56":0,"57":1,"58":1,"59":1,"60":0,"61":1,"62":1,"63":1,"64":1,"65":1,"66":1,"67":0,"68":0,"69":1,"70":1,"71":1,"72":1,"73":0,"74":1,"75":1,"76":1,"77":1,"78":1,"79":1,"80":1,"81":1,"82":1,"83":1,"84":1,"85":503,"86":503,"87":503,"88":503,"89":503,"90":503,"91":503,"92":503,"93":1,"94":1,"95":0,"96":0,"97":0,"98":0,"99":0,"100":0,"101":0,"102":0,"103":0,"104":0,"105":0,"106":0,"107":0,"108":0,"109":0,"110":0,"111":0,"112":0,"113":0,"114":0,"115":0,"116":0,"117":0,"118":0,"119":0,"120":0,"121":0,"122":0,"123":0,"124":0,"125":0,"126":0,"127":0,"128":0,"129":0,"130":0,"131":0,"132":0,"133":0,"134":0,"135":0,"136":0,"137":0,"138":0,"139":0,"140":0,"141":0,"142":0,"143":0,"144":0,"145":0,"146":0,"147":0,"148":0,"149":0,"150":0,"151":0,"152":0,"153":0,"154":0,"155":0,"156":0,"157":0,"158":0,"159":0,"160":0,"161":0,"162":0,"163":0,"164":0,"165":0,"166":0,"167":0,"168":0,"169":0,"170":0,"171":0,"172":0,"173":0,"174":0,"175":0,"176":0,"177":0,"178":0,"179":0,"180":0,"181":0,"182":0,"183":0,"184":0,"185":0,"186":0,"187":0,"188":0,"189":0,"190":0,"191":0,"192":0,"193":0,"194":0,"195":0,"196":0,"197":0,"198":0,"199":0,"200":0,"201":1,"202":1,"203":1,"204":1,"205":1},"f":{"0":2,"1":2,"2":1,"3":1,"4":1,"5":0,"6":1,"7":0,"8":503,"9":1,"10":0,"11":0,"12":0,"13":0,"14":0,"15":0,"16":0,"17":0,"18":0},"b":{"0":[0,2],"1":[0,2],"2":[1,1],"3":[0,1],"4":[1,1],"5":[0,1],"6":[1,0],"7":[0,1],"8":[0,1],"9":[0,1],"10":[0,1],"11":[1,0],"12":[1,0],"13":[0,1],"14":[377,126],"15":[150,353],"16":[0,0],"17":[0,0,0,0],"18":[0,0],"19":[0,0],"20":[0,0],"21":[0,0],"22":[0,0],"23":[0,0],"24":[0,0],"25":[0,0],"26":[0,0],"27":[0,0],"28":[0,0],"29":[0,0],"30":[0,0],"31":[0,0],"32":[0,0],"33":[0,0],"34":[0,0],"35":[0,0]},"_coverageSchema":"1a1c01bbd47fc00a2c39e90264f33305004495a9","hash":"57361a71dd5a4f477f82600b599bfba51e0a557a"}
,"/Users/alejandroparra/Documents/Web/stock-advisor/stock-advisor-backend/controllers/Utilities.js": {"path":"/Users/alejandroparra/Documents/Web/stock-advisor/stock-advisor-backend/controllers/Utilities.js","statementMap":{"0":{"start":{"line":1,"column":19},"end":{"line":1,"column":40}},"1":{"start":{"line":2,"column":12},"end":{"line":2,"column":35}},"2":{"start":{"line":5,"column":22},"end":{"line":11,"column":6}},"3":{"start":{"line":12,"column":4},"end":{"line":26,"column":7}},"4":{"start":{"line":13,"column":26},"end":{"line":18,"column":9}},"5":{"start":{"line":19,"column":8},"end":{"line":25,"column":11}},"6":{"start":{"line":20,"column":12},"end":{"line":24,"column":13}},"7":{"start":{"line":21,"column":16},"end":{"line":21,"column":29}},"8":{"start":{"line":23,"column":16},"end":{"line":23,"column":34}},"9":{"start":{"line":30,"column":16},"end":{"line":33,"column":3}},"10":{"start":{"line":34,"column":14},"end":{"line":36,"column":4}},"11":{"start":{"line":37,"column":2},"end":{"line":37,"column":15}},"12":{"start":{"line":40,"column":0},"end":{"line":40,"column":37}},"13":{"start":{"line":41,"column":0},"end":{"line":41,"column":37}}},"fnMap":{"0":{"name":"sendEmail","decl":{"start":{"line":4,"column":9},"end":{"line":4,"column":18}},"loc":{"start":{"line":4,"column":44},"end":{"line":27,"column":1}},"line":4},"1":{"name":"(anonymous_1)","decl":{"start":{"line":12,"column":23},"end":{"line":12,"column":24}},"loc":{"start":{"line":12,"column":44},"end":{"line":26,"column":5}},"line":12},"2":{"name":"(anonymous_2)","decl":{"start":{"line":19,"column":42},"end":{"line":19,"column":43}},"loc":{"start":{"line":19,"column":65},"end":{"line":25,"column":9}},"line":19},"3":{"name":"signToken","decl":{"start":{"line":29,"column":9},"end":{"line":29,"column":18}},"loc":{"start":{"line":29,"column":30},"end":{"line":38,"column":1}},"line":29}},"branchMap":{"0":{"loc":{"start":{"line":20,"column":12},"end":{"line":24,"column":13}},"type":"if","locations":[{"start":{"line":20,"column":12},"end":{"line":24,"column":13}},{"start":{"line":20,"column":12},"end":{"line":24,"column":13}}],"line":20}},"s":{"0":2,"1":2,"2":2,"3":2,"4":2,"5":2,"6":2,"7":1,"8":1,"9":4,"10":4,"11":4,"12":2,"13":2},"f":{"0":2,"1":2,"2":2,"3":4},"b":{"0":[1,1]},"_coverageSchema":"1a1c01bbd47fc00a2c39e90264f33305004495a9","hash":"113537badde3448e14cc66440995ceb4f4008f8c"}
,"/Users/alejandroparra/Documents/Web/stock-advisor/stock-advisor-backend/dbApi/Stock.js": {"path":"/Users/alejandroparra/Documents/Web/stock-advisor/stock-advisor-backend/dbApi/Stock.js","statementMap":{"0":{"start":{"line":1,"column":17},"end":{"line":1,"column":48}},"1":{"start":{"line":2,"column":15},"end":{"line":2,"column":42}},"2":{"start":{"line":3,"column":21},"end":{"line":3,"column":45}},"3":{"start":{"line":4,"column":24},"end":{"line":4,"column":54}},"4":{"start":{"line":8,"column":4},"end":{"line":12,"column":5}},"5":{"start":{"line":9,"column":8},"end":{"line":9,"column":87}},"6":{"start":{"line":11,"column":8},"end":{"line":11,"column":105}},"7":{"start":{"line":14,"column":4},"end":{"line":14,"column":15}},"8":{"start":{"line":18,"column":4},"end":{"line":18,"column":115}},"9":{"start":{"line":23,"column":4},"end":{"line":23,"column":72}},"10":{"start":{"line":27,"column":4},"end":{"line":27,"column":289}},"11":{"start":{"line":31,"column":4},"end":{"line":31,"column":88}},"12":{"start":{"line":35,"column":4},"end":{"line":35,"column":66}},"13":{"start":{"line":43,"column":4},"end":{"line":57,"column":7}},"14":{"start":{"line":49,"column":8},"end":{"line":53,"column":9}},"15":{"start":{"line":52,"column":12},"end":{"line":52,"column":27}},"16":{"start":{"line":56,"column":8},"end":{"line":56,"column":24}},"17":{"start":{"line":58,"column":4},"end":{"line":58,"column":18}},"18":{"start":{"line":65,"column":4},"end":{"line":70,"column":11}},"19":{"start":{"line":67,"column":12},"end":{"line":67,"column":24}},"20":{"start":{"line":74,"column":0},"end":{"line":74,"column":47}},"21":{"start":{"line":75,"column":0},"end":{"line":75,"column":57}},"22":{"start":{"line":76,"column":0},"end":{"line":76,"column":51}},"23":{"start":{"line":77,"column":0},"end":{"line":77,"column":49}},"24":{"start":{"line":78,"column":0},"end":{"line":78,"column":55}},"25":{"start":{"line":79,"column":0},"end":{"line":79,"column":49}},"26":{"start":{"line":80,"column":0},"end":{"line":80,"column":43}}},"fnMap":{"0":{"name":"searchStocksBy","decl":{"start":{"line":6,"column":15},"end":{"line":6,"column":29}},"loc":{"start":{"line":6,"column":44},"end":{"line":15,"column":1}},"line":6},"1":{"name":"registerBoughtStock","decl":{"start":{"line":17,"column":15},"end":{"line":17,"column":34}},"loc":{"start":{"line":17,"column":57},"end":{"line":20,"column":1}},"line":17},"2":{"name":"getUserOperation","decl":{"start":{"line":22,"column":15},"end":{"line":22,"column":31}},"loc":{"start":{"line":22,"column":40},"end":{"line":24,"column":1}},"line":22},"3":{"name":"updateOperation","decl":{"start":{"line":26,"column":15},"end":{"line":26,"column":30}},"loc":{"start":{"line":26,"column":66},"end":{"line":28,"column":1}},"line":26},"4":{"name":"getUsersOperations","decl":{"start":{"line":30,"column":15},"end":{"line":30,"column":33}},"loc":{"start":{"line":30,"column":40},"end":{"line":32,"column":1}},"line":30},"5":{"name":"getAllStocks","decl":{"start":{"line":34,"column":15},"end":{"line":34,"column":27}},"loc":{"start":{"line":34,"column":30},"end":{"line":36,"column":1}},"line":34},"6":{"name":"getStockDetails","decl":{"start":{"line":41,"column":15},"end":{"line":41,"column":30}},"loc":{"start":{"line":41,"column":59},"end":{"line":59,"column":1}},"line":41},"7":{"name":"(anonymous_7)","decl":{"start":{"line":48,"column":7},"end":{"line":48,"column":8}},"loc":{"start":{"line":48,"column":30},"end":{"line":57,"column":5}},"line":48},"8":{"name":"getSymbols","decl":{"start":{"line":64,"column":15},"end":{"line":64,"column":25}},"loc":{"start":{"line":64,"column":28},"end":{"line":71,"column":1}},"line":64},"9":{"name":"(anonymous_9)","decl":{"start":{"line":66,"column":14},"end":{"line":66,"column":15}},"loc":{"start":{"line":66,"column":24},"end":{"line":70,"column":9}},"line":66}},"branchMap":{"0":{"loc":{"start":{"line":8,"column":4},"end":{"line":12,"column":5}},"type":"if","locations":[{"start":{"line":8,"column":4},"end":{"line":12,"column":5}},{"start":{"line":8,"column":4},"end":{"line":12,"column":5}}],"line":8},"1":{"loc":{"start":{"line":49,"column":8},"end":{"line":53,"column":9}},"type":"if","locations":[{"start":{"line":49,"column":8},"end":{"line":53,"column":9}},{"start":{"line":49,"column":8},"end":{"line":53,"column":9}}],"line":49}},"s":{"0":1,"1":1,"2":1,"3":1,"4":2,"5":0,"6":2,"7":2,"8":0,"9":0,"10":0,"11":0,"12":1,"13":1,"14":1,"15":0,"16":1,"17":1,"18":0,"19":0,"20":1,"21":1,"22":1,"23":1,"24":1,"25":1,"26":1},"f":{"0":2,"1":0,"2":0,"3":0,"4":0,"5":1,"6":1,"7":1,"8":0,"9":0},"b":{"0":[0,2],"1":[0,1]},"_coverageSchema":"1a1c01bbd47fc00a2c39e90264f33305004495a9","hash":"bd78381a17bce98cca228c43618b0d877bc6aeee"}
,"/Users/alejandroparra/Documents/Web/stock-advisor/stock-advisor-backend/dbApi/User.js": {"path":"/Users/alejandroparra/Documents/Web/stock-advisor/stock-advisor-backend/dbApi/User.js","statementMap":{"0":{"start":{"line":1,"column":17},"end":{"line":1,"column":48}},"1":{"start":{"line":2,"column":15},"end":{"line":2,"column":42}},"2":{"start":{"line":5,"column":4},"end":{"line":5,"column":64}},"3":{"start":{"line":10,"column":4},"end":{"line":10,"column":83}},"4":{"start":{"line":15,"column":4},"end":{"line":15,"column":88}},"5":{"start":{"line":20,"column":4},"end":{"line":20,"column":86}},"6":{"start":{"line":25,"column":4},"end":{"line":25,"column":77}},"7":{"start":{"line":29,"column":0},"end":{"line":29,"column":43}},"8":{"start":{"line":30,"column":0},"end":{"line":30,"column":41}},"9":{"start":{"line":31,"column":0},"end":{"line":31,"column":43}},"10":{"start":{"line":32,"column":0},"end":{"line":32,"column":43}},"11":{"start":{"line":33,"column":0},"end":{"line":33,"column":45}}},"fnMap":{"0":{"name":"registerUser","decl":{"start":{"line":4,"column":15},"end":{"line":4,"column":27}},"loc":{"start":{"line":4,"column":34},"end":{"line":6,"column":1}},"line":4},"1":{"name":"findUsersBy","decl":{"start":{"line":8,"column":15},"end":{"line":8,"column":26}},"loc":{"start":{"line":8,"column":41},"end":{"line":12,"column":1}},"line":8},"2":{"name":"findUsersById","decl":{"start":{"line":14,"column":15},"end":{"line":14,"column":28}},"loc":{"start":{"line":14,"column":35},"end":{"line":17,"column":1}},"line":14},"3":{"name":"updateUserBy","decl":{"start":{"line":19,"column":15},"end":{"line":19,"column":27}},"loc":{"start":{"line":19,"column":50},"end":{"line":22,"column":1}},"line":19},"4":{"name":"deleteUserBy","decl":{"start":{"line":24,"column":15},"end":{"line":24,"column":27}},"loc":{"start":{"line":24,"column":42},"end":{"line":27,"column":1}},"line":24}},"branchMap":{},"s":{"0":1,"1":1,"2":0,"3":0,"4":1,"5":0,"6":0,"7":1,"8":1,"9":1,"10":1,"11":1},"f":{"0":0,"1":0,"2":1,"3":0,"4":0},"b":{},"_coverageSchema":"1a1c01bbd47fc00a2c39e90264f33305004495a9","hash":"c5bc7c7708beb3169d700c2517b75fc5777037d2"}
,"/Users/alejandroparra/Documents/Web/stock-advisor/stock-advisor-backend/services/Database.js": {"path":"/Users/alejandroparra/Documents/Web/stock-advisor/stock-advisor-backend/services/Database.js","statementMap":{"0":{"start":{"line":1,"column":14},"end":{"line":1,"column":44}},"1":{"start":{"line":4,"column":20},"end":{"line":7,"column":1}},"2":{"start":{"line":10,"column":4},"end":{"line":20,"column":5}},"3":{"start":{"line":11,"column":8},"end":{"line":11,"column":130}},"4":{"start":{"line":12,"column":8},"end":{"line":12,"column":44}},"5":{"start":{"line":13,"column":8},"end":{"line":13,"column":45}},"6":{"start":{"line":14,"column":8},"end":{"line":14,"column":61}},"7":{"start":{"line":15,"column":8},"end":{"line":15,"column":63}},"8":{"start":{"line":16,"column":8},"end":{"line":16,"column":18}},"9":{"start":{"line":18,"column":8},"end":{"line":18,"column":56}},"10":{"start":{"line":19,"column":8},"end":{"line":19,"column":20}},"11":{"start":{"line":24,"column":2},"end":{"line":24,"column":23}},"12":{"start":{"line":27,"column":0},"end":{"line":27,"column":45}},"13":{"start":{"line":28,"column":0},"end":{"line":28,"column":49}},"14":{"start":{"line":29,"column":0},"end":{"line":29,"column":23}},"15":{"start":{"line":30,"column":0},"end":{"line":30,"column":41}}},"fnMap":{"0":{"name":"connectToServer","decl":{"start":{"line":9,"column":15},"end":{"line":9,"column":30}},"loc":{"start":{"line":9,"column":33},"end":{"line":21,"column":1}},"line":9},"1":{"name":"closeDatabase","decl":{"start":{"line":23,"column":15},"end":{"line":23,"column":28}},"loc":{"start":{"line":23,"column":31},"end":{"line":25,"column":1}},"line":23}},"branchMap":{},"s":{"0":1,"1":1,"2":3,"3":3,"4":3,"5":3,"6":3,"7":3,"8":3,"9":0,"10":0,"11":3,"12":1,"13":1,"14":1,"15":1},"f":{"0":3,"1":3},"b":{},"_coverageSchema":"1a1c01bbd47fc00a2c39e90264f33305004495a9","hash":"886d6a4226ea3a6b560ba24c68c799b37c808f6e"}
}
