{"/Users/alejandroparra/Documents/Web/stock-advisor/stock-advisor-backend/controllers/Stock.js": {"path":"/Users/alejandroparra/Documents/Web/stock-advisor/stock-advisor-backend/controllers/Stock.js","statementMap":{"0":{"start":{"line":1,"column":14},"end":{"line":1,"column":39}},"1":{"start":{"line":2,"column":13},"end":{"line":2,"column":37}},"2":{"start":{"line":3,"column":17},"end":{"line":3,"column":42}},"3":{"start":{"line":4,"column":12},"end":{"line":4,"column":35}},"4":{"start":{"line":5,"column":15},"end":{"line":5,"column":42}},"5":{"start":{"line":6,"column":14},"end":{"line":6,"column":44}},"6":{"start":{"line":10,"column":4},"end":{"line":12,"column":5}},"7":{"start":{"line":11,"column":8},"end":{"line":11,"column":55}},"8":{"start":{"line":14,"column":4},"end":{"line":14,"column":26}},"9":{"start":{"line":15,"column":23},"end":{"line":15,"column":54}},"10":{"start":{"line":16,"column":17},"end":{"line":16,"column":42}},"11":{"start":{"line":17,"column":16},"end":{"line":17,"column":53}},"12":{"start":{"line":21,"column":4},"end":{"line":24,"column":7}},"13":{"start":{"line":22,"column":8},"end":{"line":22,"column":31}},"14":{"start":{"line":26,"column":4},"end":{"line":47,"column":5}},"15":{"start":{"line":27,"column":8},"end":{"line":27,"column":57}},"16":{"start":{"line":29,"column":8},"end":{"line":45,"column":9}},"17":{"start":{"line":30,"column":12},"end":{"line":36,"column":13}},"18":{"start":{"line":31,"column":16},"end":{"line":31,"column":52}},"19":{"start":{"line":34,"column":16},"end":{"line":34,"column":33}},"20":{"start":{"line":35,"column":16},"end":{"line":35,"column":73}},"21":{"start":{"line":38,"column":12},"end":{"line":44,"column":13}},"22":{"start":{"line":39,"column":16},"end":{"line":39,"column":79}},"23":{"start":{"line":42,"column":16},"end":{"line":42,"column":33}},"24":{"start":{"line":43,"column":16},"end":{"line":43,"column":73}},"25":{"start":{"line":49,"column":4},"end":{"line":49,"column":40}},"26":{"start":{"line":54,"column":4},"end":{"line":54,"column":21}},"27":{"start":{"line":55,"column":4},"end":{"line":55,"column":21}},"28":{"start":{"line":56,"column":4},"end":{"line":58,"column":5}},"29":{"start":{"line":57,"column":8},"end":{"line":57,"column":55}},"30":{"start":{"line":59,"column":4},"end":{"line":59,"column":26}},"31":{"start":{"line":60,"column":17},"end":{"line":60,"column":42}},"32":{"start":{"line":61,"column":20},"end":{"line":61,"column":48}},"33":{"start":{"line":63,"column":16},"end":{"line":63,"column":53}},"34":{"start":{"line":67,"column":4},"end":{"line":70,"column":7}},"35":{"start":{"line":68,"column":8},"end":{"line":68,"column":31}},"36":{"start":{"line":72,"column":4},"end":{"line":74,"column":5}},"37":{"start":{"line":73,"column":8},"end":{"line":73,"column":57}},"38":{"start":{"line":78,"column":19},"end":{"line":78,"column":29}},"39":{"start":{"line":79,"column":4},"end":{"line":79,"column":26}},"40":{"start":{"line":80,"column":15},"end":{"line":80,"column":37}},"41":{"start":{"line":81,"column":16},"end":{"line":81,"column":35}},"42":{"start":{"line":82,"column":4},"end":{"line":82,"column":63}},"43":{"start":{"line":83,"column":14},"end":{"line":83,"column":32}},"44":{"start":{"line":84,"column":4},"end":{"line":84,"column":43}},"45":{"start":{"line":85,"column":20},"end":{"line":85,"column":45}},"46":{"start":{"line":86,"column":18},"end":{"line":86,"column":47}},"47":{"start":{"line":87,"column":4},"end":{"line":87,"column":27}},"48":{"start":{"line":88,"column":4},"end":{"line":88,"column":24}},"49":{"start":{"line":89,"column":19},"end":{"line":89,"column":51}},"50":{"start":{"line":91,"column":4},"end":{"line":100,"column":5}},"51":{"start":{"line":92,"column":8},"end":{"line":92,"column":71}},"52":{"start":{"line":93,"column":8},"end":{"line":93,"column":96}},"53":{"start":{"line":93,"column":36},"end":{"line":93,"column":96}},"54":{"start":{"line":94,"column":8},"end":{"line":94,"column":87}},"55":{"start":{"line":95,"column":8},"end":{"line":95,"column":82}},"56":{"start":{"line":95,"column":31},"end":{"line":95,"column":82}},"57":{"start":{"line":98,"column":8},"end":{"line":98,"column":25}},"58":{"start":{"line":99,"column":8},"end":{"line":99,"column":65}},"59":{"start":{"line":102,"column":26},"end":{"line":102,"column":102}},"60":{"start":{"line":103,"column":21},"end":{"line":117,"column":6}},"61":{"start":{"line":104,"column":20},"end":{"line":106,"column":17}},"62":{"start":{"line":105,"column":12},"end":{"line":105,"column":20}},"63":{"start":{"line":107,"column":8},"end":{"line":113,"column":11}},"64":{"start":{"line":108,"column":12},"end":{"line":108,"column":34}},"65":{"start":{"line":109,"column":28},"end":{"line":109,"column":43}},"66":{"start":{"line":110,"column":12},"end":{"line":110,"column":41}},"67":{"start":{"line":111,"column":12},"end":{"line":111,"column":32}},"68":{"start":{"line":112,"column":12},"end":{"line":112,"column":19}},"69":{"start":{"line":115,"column":8},"end":{"line":115,"column":25}},"70":{"start":{"line":116,"column":8},"end":{"line":116,"column":64}},"71":{"start":{"line":119,"column":4},"end":{"line":119,"column":39}},"72":{"start":{"line":120,"column":4},"end":{"line":120,"column":27}},"73":{"start":{"line":121,"column":4},"end":{"line":121,"column":32}},"74":{"start":{"line":123,"column":4},"end":{"line":127,"column":5}},"75":{"start":{"line":124,"column":8},"end":{"line":124,"column":36}},"76":{"start":{"line":125,"column":11},"end":{"line":127,"column":5}},"77":{"start":{"line":126,"column":8},"end":{"line":126,"column":36}},"78":{"start":{"line":130,"column":20},"end":{"line":130,"column":32}},"79":{"start":{"line":131,"column":16},"end":{"line":131,"column":37}},"80":{"start":{"line":132,"column":17},"end":{"line":132,"column":35}},"81":{"start":{"line":133,"column":4},"end":{"line":133,"column":67}},"82":{"start":{"line":134,"column":15},"end":{"line":134,"column":32}},"83":{"start":{"line":135,"column":4},"end":{"line":135,"column":59}},"84":{"start":{"line":136,"column":21},"end":{"line":136,"column":49}},"85":{"start":{"line":137,"column":4},"end":{"line":137,"column":55}},"86":{"start":{"line":138,"column":17},"end":{"line":156,"column":5}},"87":{"start":{"line":146,"column":29},"end":{"line":146,"column":38}},"88":{"start":{"line":147,"column":24},"end":{"line":147,"column":46}},"89":{"start":{"line":148,"column":25},"end":{"line":148,"column":44}},"90":{"start":{"line":149,"column":12},"end":{"line":149,"column":75}},"91":{"start":{"line":150,"column":23},"end":{"line":150,"column":41}},"92":{"start":{"line":151,"column":12},"end":{"line":151,"column":55}},"93":{"start":{"line":152,"column":30},"end":{"line":152,"column":58}},"94":{"start":{"line":153,"column":12},"end":{"line":153,"column":59}},"95":{"start":{"line":155,"column":60},"end":{"line":155,"column":101}},"96":{"start":{"line":158,"column":4},"end":{"line":158,"column":40}},"97":{"start":{"line":164,"column":4},"end":{"line":166,"column":5}},"98":{"start":{"line":165,"column":8},"end":{"line":165,"column":55}},"99":{"start":{"line":168,"column":4},"end":{"line":168,"column":26}},"100":{"start":{"line":169,"column":17},"end":{"line":169,"column":42}},"101":{"start":{"line":170,"column":20},"end":{"line":170,"column":48}},"102":{"start":{"line":171,"column":23},"end":{"line":171,"column":54}},"103":{"start":{"line":172,"column":24},"end":{"line":172,"column":56}},"104":{"start":{"line":174,"column":16},"end":{"line":174,"column":53}},"105":{"start":{"line":177,"column":4},"end":{"line":180,"column":7}},"106":{"start":{"line":178,"column":8},"end":{"line":178,"column":31}},"107":{"start":{"line":182,"column":4},"end":{"line":184,"column":5}},"108":{"start":{"line":183,"column":8},"end":{"line":183,"column":57}},"109":{"start":{"line":185,"column":19},"end":{"line":185,"column":29}},"110":{"start":{"line":187,"column":15},"end":{"line":187,"column":37}},"111":{"start":{"line":188,"column":16},"end":{"line":188,"column":35}},"112":{"start":{"line":189,"column":4},"end":{"line":189,"column":63}},"113":{"start":{"line":190,"column":14},"end":{"line":190,"column":32}},"114":{"start":{"line":191,"column":4},"end":{"line":191,"column":43}},"115":{"start":{"line":192,"column":20},"end":{"line":192,"column":45}},"116":{"start":{"line":193,"column":24},"end":{"line":193,"column":53}},"117":{"start":{"line":196,"column":4},"end":{"line":204,"column":5}},"118":{"start":{"line":197,"column":8},"end":{"line":197,"column":80}},"119":{"start":{"line":198,"column":8},"end":{"line":198,"column":71}},"120":{"start":{"line":202,"column":8},"end":{"line":202,"column":25}},"121":{"start":{"line":203,"column":8},"end":{"line":203,"column":65}},"122":{"start":{"line":206,"column":4},"end":{"line":206,"column":27}},"123":{"start":{"line":207,"column":16},"end":{"line":207,"column":37}},"124":{"start":{"line":208,"column":17},"end":{"line":208,"column":35}},"125":{"start":{"line":209,"column":4},"end":{"line":209,"column":67}},"126":{"start":{"line":210,"column":15},"end":{"line":210,"column":32}},"127":{"start":{"line":211,"column":4},"end":{"line":211,"column":59}},"128":{"start":{"line":212,"column":21},"end":{"line":212,"column":49}},"129":{"start":{"line":214,"column":4},"end":{"line":237,"column":5}},"130":{"start":{"line":215,"column":8},"end":{"line":224,"column":9}},"131":{"start":{"line":225,"column":8},"end":{"line":225,"column":36}},"132":{"start":{"line":226,"column":8},"end":{"line":233,"column":9}},"133":{"start":{"line":227,"column":31},"end":{"line":227,"column":100}},"134":{"start":{"line":228,"column":12},"end":{"line":228,"column":56}},"135":{"start":{"line":231,"column":12},"end":{"line":231,"column":29}},"136":{"start":{"line":232,"column":12},"end":{"line":232,"column":71}},"137":{"start":{"line":236,"column":8},"end":{"line":236,"column":79}},"138":{"start":{"line":243,"column":4},"end":{"line":245,"column":5}},"139":{"start":{"line":244,"column":8},"end":{"line":244,"column":55}},"140":{"start":{"line":246,"column":17},"end":{"line":246,"column":42}},"141":{"start":{"line":247,"column":14},"end":{"line":247,"column":36}},"142":{"start":{"line":248,"column":16},"end":{"line":248,"column":53}},"143":{"start":{"line":249,"column":20},"end":{"line":249,"column":48}},"144":{"start":{"line":253,"column":4},"end":{"line":256,"column":7}},"145":{"start":{"line":254,"column":8},"end":{"line":254,"column":31}},"146":{"start":{"line":259,"column":4},"end":{"line":261,"column":5}},"147":{"start":{"line":260,"column":8},"end":{"line":260,"column":57}},"148":{"start":{"line":263,"column":19},"end":{"line":263,"column":29}},"149":{"start":{"line":264,"column":4},"end":{"line":264,"column":26}},"150":{"start":{"line":265,"column":15},"end":{"line":265,"column":37}},"151":{"start":{"line":266,"column":16},"end":{"line":266,"column":35}},"152":{"start":{"line":267,"column":4},"end":{"line":267,"column":63}},"153":{"start":{"line":268,"column":14},"end":{"line":268,"column":32}},"154":{"start":{"line":269,"column":4},"end":{"line":269,"column":43}},"155":{"start":{"line":270,"column":20},"end":{"line":270,"column":45}},"156":{"start":{"line":271,"column":14},"end":{"line":271,"column":43}},"157":{"start":{"line":275,"column":4},"end":{"line":281,"column":5}},"158":{"start":{"line":276,"column":8},"end":{"line":276,"column":56}},"159":{"start":{"line":280,"column":8},"end":{"line":280,"column":65}},"160":{"start":{"line":282,"column":25},"end":{"line":282,"column":89}},"161":{"start":{"line":282,"column":61},"end":{"line":282,"column":88}},"162":{"start":{"line":283,"column":4},"end":{"line":283,"column":31}},"163":{"start":{"line":286,"column":4},"end":{"line":294,"column":5}},"164":{"start":{"line":287,"column":8},"end":{"line":287,"column":70}},"165":{"start":{"line":288,"column":8},"end":{"line":288,"column":70}},"166":{"start":{"line":293,"column":8},"end":{"line":293,"column":65}},"167":{"start":{"line":297,"column":4},"end":{"line":297,"column":27}},"168":{"start":{"line":298,"column":16},"end":{"line":298,"column":37}},"169":{"start":{"line":299,"column":17},"end":{"line":299,"column":35}},"170":{"start":{"line":300,"column":4},"end":{"line":300,"column":67}},"171":{"start":{"line":301,"column":15},"end":{"line":301,"column":32}},"172":{"start":{"line":302,"column":4},"end":{"line":302,"column":59}},"173":{"start":{"line":303,"column":21},"end":{"line":303,"column":49}},"174":{"start":{"line":306,"column":4},"end":{"line":324,"column":5}},"175":{"start":{"line":307,"column":30},"end":{"line":311,"column":9}},"176":{"start":{"line":313,"column":8},"end":{"line":319,"column":9}},"177":{"start":{"line":314,"column":12},"end":{"line":314,"column":99}},"178":{"start":{"line":317,"column":12},"end":{"line":317,"column":28}},"179":{"start":{"line":318,"column":12},"end":{"line":318,"column":69}},"180":{"start":{"line":320,"column":8},"end":{"line":320,"column":33}},"181":{"start":{"line":323,"column":8},"end":{"line":323,"column":64}},"182":{"start":{"line":325,"column":4},"end":{"line":325,"column":71}},"183":{"start":{"line":330,"column":4},"end":{"line":332,"column":5}},"184":{"start":{"line":331,"column":8},"end":{"line":331,"column":55}},"185":{"start":{"line":333,"column":4},"end":{"line":333,"column":26}},"186":{"start":{"line":334,"column":17},"end":{"line":334,"column":42}},"187":{"start":{"line":335,"column":16},"end":{"line":335,"column":53}},"188":{"start":{"line":339,"column":4},"end":{"line":342,"column":7}},"189":{"start":{"line":340,"column":8},"end":{"line":340,"column":31}},"190":{"start":{"line":344,"column":4},"end":{"line":346,"column":5}},"191":{"start":{"line":345,"column":8},"end":{"line":345,"column":57}},"192":{"start":{"line":348,"column":4},"end":{"line":355,"column":5}},"193":{"start":{"line":349,"column":8},"end":{"line":349,"column":56}},"194":{"start":{"line":350,"column":8},"end":{"line":350,"column":27}},"195":{"start":{"line":353,"column":8},"end":{"line":353,"column":25}},"196":{"start":{"line":354,"column":8},"end":{"line":354,"column":65}},"197":{"start":{"line":356,"column":19},"end":{"line":359,"column":5}},"198":{"start":{"line":357,"column":66},"end":{"line":357,"column":107}},"199":{"start":{"line":357,"column":96},"end":{"line":357,"column":107}},"200":{"start":{"line":358,"column":66},"end":{"line":358,"column":107}},"201":{"start":{"line":358,"column":96},"end":{"line":358,"column":107}},"202":{"start":{"line":361,"column":4},"end":{"line":361,"column":42}},"203":{"start":{"line":364,"column":0},"end":{"line":364,"column":41}},"204":{"start":{"line":365,"column":0},"end":{"line":365,"column":49}},"205":{"start":{"line":366,"column":0},"end":{"line":366,"column":35}},"206":{"start":{"line":367,"column":0},"end":{"line":367,"column":37}},"207":{"start":{"line":368,"column":0},"end":{"line":368,"column":53}}},"fnMap":{"0":{"name":"searchStock","decl":{"start":{"line":8,"column":22},"end":{"line":8,"column":33}},"loc":{"start":{"line":8,"column":50},"end":{"line":50,"column":1}},"line":8},"1":{"name":"(anonymous_1)","decl":{"start":{"line":21,"column":45},"end":{"line":21,"column":46}},"loc":{"start":{"line":21,"column":68},"end":{"line":24,"column":5}},"line":21},"2":{"name":"getStockDetails","decl":{"start":{"line":53,"column":22},"end":{"line":53,"column":37}},"loc":{"start":{"line":53,"column":54},"end":{"line":160,"column":1}},"line":53},"3":{"name":"(anonymous_3)","decl":{"start":{"line":67,"column":45},"end":{"line":67,"column":46}},"loc":{"start":{"line":67,"column":68},"end":{"line":70,"column":5}},"line":67},"4":{"name":"(anonymous_4)","decl":{"start":{"line":103,"column":39},"end":{"line":103,"column":40}},"loc":{"start":{"line":103,"column":60},"end":{"line":114,"column":5}},"line":103},"5":{"name":"(anonymous_5)","decl":{"start":{"line":104,"column":31},"end":{"line":104,"column":32}},"loc":{"start":{"line":104,"column":37},"end":{"line":106,"column":9}},"line":104},"6":{"name":"(anonymous_6)","decl":{"start":{"line":107,"column":40},"end":{"line":107,"column":41}},"loc":{"start":{"line":107,"column":50},"end":{"line":113,"column":9}},"line":107},"7":{"name":"(anonymous_7)","decl":{"start":{"line":114,"column":13},"end":{"line":114,"column":14}},"loc":{"start":{"line":114,"column":20},"end":{"line":117,"column":5}},"line":114},"8":{"name":"(anonymous_8)","decl":{"start":{"line":145,"column":28},"end":{"line":145,"column":29}},"loc":{"start":{"line":145,"column":38},"end":{"line":154,"column":9}},"line":145},"9":{"name":"(anonymous_9)","decl":{"start":{"line":155,"column":52},"end":{"line":155,"column":53}},"loc":{"start":{"line":155,"column":60},"end":{"line":155,"column":101}},"line":155},"10":{"name":"buyStock","decl":{"start":{"line":162,"column":15},"end":{"line":162,"column":23}},"loc":{"start":{"line":162,"column":40},"end":{"line":238,"column":1}},"line":162},"11":{"name":"(anonymous_11)","decl":{"start":{"line":177,"column":45},"end":{"line":177,"column":46}},"loc":{"start":{"line":177,"column":68},"end":{"line":180,"column":5}},"line":177},"12":{"name":"sellStock","decl":{"start":{"line":241,"column":15},"end":{"line":241,"column":24}},"loc":{"start":{"line":241,"column":41},"end":{"line":326,"column":1}},"line":241},"13":{"name":"(anonymous_13)","decl":{"start":{"line":253,"column":45},"end":{"line":253,"column":46}},"loc":{"start":{"line":253,"column":68},"end":{"line":256,"column":5}},"line":253},"14":{"name":"(anonymous_14)","decl":{"start":{"line":282,"column":53},"end":{"line":282,"column":54}},"loc":{"start":{"line":282,"column":61},"end":{"line":282,"column":88}},"line":282},"15":{"name":"getUserOperations","decl":{"start":{"line":328,"column":15},"end":{"line":328,"column":32}},"loc":{"start":{"line":328,"column":49},"end":{"line":362,"column":1}},"line":328},"16":{"name":"(anonymous_16)","decl":{"start":{"line":339,"column":45},"end":{"line":339,"column":46}},"loc":{"start":{"line":339,"column":68},"end":{"line":342,"column":5}},"line":339},"17":{"name":"(anonymous_17)","decl":{"start":{"line":357,"column":54},"end":{"line":357,"column":55}},"loc":{"start":{"line":357,"column":64},"end":{"line":357,"column":109}},"line":357},"18":{"name":"(anonymous_18)","decl":{"start":{"line":358,"column":54},"end":{"line":358,"column":55}},"loc":{"start":{"line":358,"column":64},"end":{"line":358,"column":109}},"line":358}},"branchMap":{"0":{"loc":{"start":{"line":10,"column":4},"end":{"line":12,"column":5}},"type":"if","locations":[{"start":{"line":10,"column":4},"end":{"line":12,"column":5}},{"start":{"line":10,"column":4},"end":{"line":12,"column":5}}],"line":10},"1":{"loc":{"start":{"line":26,"column":4},"end":{"line":47,"column":5}},"type":"if","locations":[{"start":{"line":26,"column":4},"end":{"line":47,"column":5}},{"start":{"line":26,"column":4},"end":{"line":47,"column":5}}],"line":26},"2":{"loc":{"start":{"line":29,"column":8},"end":{"line":45,"column":9}},"type":"if","locations":[{"start":{"line":29,"column":8},"end":{"line":45,"column":9}},{"start":{"line":29,"column":8},"end":{"line":45,"column":9}}],"line":29},"3":{"loc":{"start":{"line":56,"column":4},"end":{"line":58,"column":5}},"type":"if","locations":[{"start":{"line":56,"column":4},"end":{"line":58,"column":5}},{"start":{"line":56,"column":4},"end":{"line":58,"column":5}}],"line":56},"4":{"loc":{"start":{"line":56,"column":8},"end":{"line":56,"column":47}},"type":"binary-expr","locations":[{"start":{"line":56,"column":8},"end":{"line":56,"column":24}},{"start":{"line":56,"column":28},"end":{"line":56,"column":47}}],"line":56},"5":{"loc":{"start":{"line":72,"column":4},"end":{"line":74,"column":5}},"type":"if","locations":[{"start":{"line":72,"column":4},"end":{"line":74,"column":5}},{"start":{"line":72,"column":4},"end":{"line":74,"column":5}}],"line":72},"6":{"loc":{"start":{"line":82,"column":12},"end":{"line":82,"column":62}},"type":"cond-expr","locations":[{"start":{"line":82,"column":31},"end":{"line":82,"column":48}},{"start":{"line":82,"column":52},"end":{"line":82,"column":61}}],"line":82},"7":{"loc":{"start":{"line":84,"column":10},"end":{"line":84,"column":42}},"type":"cond-expr","locations":[{"start":{"line":84,"column":23},"end":{"line":84,"column":34}},{"start":{"line":84,"column":38},"end":{"line":84,"column":41}}],"line":84},"8":{"loc":{"start":{"line":93,"column":8},"end":{"line":93,"column":96}},"type":"if","locations":[{"start":{"line":93,"column":8},"end":{"line":93,"column":96}},{"start":{"line":93,"column":8},"end":{"line":93,"column":96}}],"line":93},"9":{"loc":{"start":{"line":95,"column":8},"end":{"line":95,"column":82}},"type":"if","locations":[{"start":{"line":95,"column":8},"end":{"line":95,"column":82}},{"start":{"line":95,"column":8},"end":{"line":95,"column":82}}],"line":95},"10":{"loc":{"start":{"line":123,"column":4},"end":{"line":127,"column":5}},"type":"if","locations":[{"start":{"line":123,"column":4},"end":{"line":127,"column":5}},{"start":{"line":123,"column":4},"end":{"line":127,"column":5}}],"line":123},"11":{"loc":{"start":{"line":125,"column":11},"end":{"line":127,"column":5}},"type":"if","locations":[{"start":{"line":125,"column":11},"end":{"line":127,"column":5}},{"start":{"line":125,"column":11},"end":{"line":127,"column":5}}],"line":125},"12":{"loc":{"start":{"line":133,"column":13},"end":{"line":133,"column":66}},"type":"cond-expr","locations":[{"start":{"line":133,"column":33},"end":{"line":133,"column":51}},{"start":{"line":133,"column":55},"end":{"line":133,"column":65}}],"line":133},"13":{"loc":{"start":{"line":135,"column":11},"end":{"line":135,"column":58}},"type":"cond-expr","locations":[{"start":{"line":135,"column":29},"end":{"line":135,"column":45}},{"start":{"line":135,"column":49},"end":{"line":135,"column":57}}],"line":135},"14":{"loc":{"start":{"line":149,"column":21},"end":{"line":149,"column":74}},"type":"cond-expr","locations":[{"start":{"line":149,"column":41},"end":{"line":149,"column":59}},{"start":{"line":149,"column":63},"end":{"line":149,"column":73}}],"line":149},"15":{"loc":{"start":{"line":151,"column":19},"end":{"line":151,"column":54}},"type":"cond-expr","locations":[{"start":{"line":151,"column":33},"end":{"line":151,"column":45}},{"start":{"line":151,"column":49},"end":{"line":151,"column":53}}],"line":151},"16":{"loc":{"start":{"line":164,"column":4},"end":{"line":166,"column":5}},"type":"if","locations":[{"start":{"line":164,"column":4},"end":{"line":166,"column":5}},{"start":{"line":164,"column":4},"end":{"line":166,"column":5}}],"line":164},"17":{"loc":{"start":{"line":164,"column":8},"end":{"line":164,"column":104}},"type":"binary-expr","locations":[{"start":{"line":164,"column":8},"end":{"line":164,"column":24}},{"start":{"line":164,"column":28},"end":{"line":164,"column":47}},{"start":{"line":164,"column":51},"end":{"line":164,"column":73}},{"start":{"line":164,"column":78},"end":{"line":164,"column":103}}],"line":164},"18":{"loc":{"start":{"line":182,"column":4},"end":{"line":184,"column":5}},"type":"if","locations":[{"start":{"line":182,"column":4},"end":{"line":184,"column":5}},{"start":{"line":182,"column":4},"end":{"line":184,"column":5}}],"line":182},"19":{"loc":{"start":{"line":189,"column":12},"end":{"line":189,"column":62}},"type":"cond-expr","locations":[{"start":{"line":189,"column":31},"end":{"line":189,"column":48}},{"start":{"line":189,"column":52},"end":{"line":189,"column":61}}],"line":189},"20":{"loc":{"start":{"line":191,"column":10},"end":{"line":191,"column":42}},"type":"cond-expr","locations":[{"start":{"line":191,"column":23},"end":{"line":191,"column":34}},{"start":{"line":191,"column":38},"end":{"line":191,"column":41}}],"line":191},"21":{"loc":{"start":{"line":209,"column":13},"end":{"line":209,"column":66}},"type":"cond-expr","locations":[{"start":{"line":209,"column":33},"end":{"line":209,"column":51}},{"start":{"line":209,"column":55},"end":{"line":209,"column":65}}],"line":209},"22":{"loc":{"start":{"line":211,"column":11},"end":{"line":211,"column":58}},"type":"cond-expr","locations":[{"start":{"line":211,"column":29},"end":{"line":211,"column":45}},{"start":{"line":211,"column":49},"end":{"line":211,"column":57}}],"line":211},"23":{"loc":{"start":{"line":214,"column":4},"end":{"line":237,"column":5}},"type":"if","locations":[{"start":{"line":214,"column":4},"end":{"line":237,"column":5}},{"start":{"line":214,"column":4},"end":{"line":237,"column":5}}],"line":214},"24":{"loc":{"start":{"line":243,"column":4},"end":{"line":245,"column":5}},"type":"if","locations":[{"start":{"line":243,"column":4},"end":{"line":245,"column":5}},{"start":{"line":243,"column":4},"end":{"line":245,"column":5}}],"line":243},"25":{"loc":{"start":{"line":243,"column":8},"end":{"line":243,"column":41}},"type":"binary-expr","locations":[{"start":{"line":243,"column":8},"end":{"line":243,"column":24}},{"start":{"line":243,"column":28},"end":{"line":243,"column":41}}],"line":243},"26":{"loc":{"start":{"line":259,"column":4},"end":{"line":261,"column":5}},"type":"if","locations":[{"start":{"line":259,"column":4},"end":{"line":261,"column":5}},{"start":{"line":259,"column":4},"end":{"line":261,"column":5}}],"line":259},"27":{"loc":{"start":{"line":267,"column":12},"end":{"line":267,"column":62}},"type":"cond-expr","locations":[{"start":{"line":267,"column":31},"end":{"line":267,"column":48}},{"start":{"line":267,"column":52},"end":{"line":267,"column":61}}],"line":267},"28":{"loc":{"start":{"line":269,"column":10},"end":{"line":269,"column":42}},"type":"cond-expr","locations":[{"start":{"line":269,"column":23},"end":{"line":269,"column":34}},{"start":{"line":269,"column":38},"end":{"line":269,"column":41}}],"line":269},"29":{"loc":{"start":{"line":300,"column":13},"end":{"line":300,"column":66}},"type":"cond-expr","locations":[{"start":{"line":300,"column":33},"end":{"line":300,"column":51}},{"start":{"line":300,"column":55},"end":{"line":300,"column":65}}],"line":300},"30":{"loc":{"start":{"line":302,"column":11},"end":{"line":302,"column":58}},"type":"cond-expr","locations":[{"start":{"line":302,"column":29},"end":{"line":302,"column":45}},{"start":{"line":302,"column":49},"end":{"line":302,"column":57}}],"line":302},"31":{"loc":{"start":{"line":306,"column":4},"end":{"line":324,"column":5}},"type":"if","locations":[{"start":{"line":306,"column":4},"end":{"line":324,"column":5}},{"start":{"line":306,"column":4},"end":{"line":324,"column":5}}],"line":306},"32":{"loc":{"start":{"line":330,"column":4},"end":{"line":332,"column":5}},"type":"if","locations":[{"start":{"line":330,"column":4},"end":{"line":332,"column":5}},{"start":{"line":330,"column":4},"end":{"line":332,"column":5}}],"line":330},"33":{"loc":{"start":{"line":344,"column":4},"end":{"line":346,"column":5}},"type":"if","locations":[{"start":{"line":344,"column":4},"end":{"line":346,"column":5}},{"start":{"line":344,"column":4},"end":{"line":346,"column":5}}],"line":344},"34":{"loc":{"start":{"line":357,"column":66},"end":{"line":357,"column":107}},"type":"if","locations":[{"start":{"line":357,"column":66},"end":{"line":357,"column":107}},{"start":{"line":357,"column":66},"end":{"line":357,"column":107}}],"line":357},"35":{"loc":{"start":{"line":358,"column":66},"end":{"line":358,"column":107}},"type":"if","locations":[{"start":{"line":358,"column":66},"end":{"line":358,"column":107}},{"start":{"line":358,"column":66},"end":{"line":358,"column":107}}],"line":358}},"s":{"0":1,"1":1,"2":1,"3":1,"4":1,"5":1,"6":0,"7":0,"8":0,"9":0,"10":0,"11":0,"12":0,"13":0,"14":0,"15":0,"16":0,"17":0,"18":0,"19":0,"20":0,"21":0,"22":0,"23":0,"24":0,"25":0,"26":1,"27":1,"28":1,"29":0,"30":1,"31":1,"32":1,"33":1,"34":1,"35":1,"36":1,"37":0,"38":1,"39":1,"40":1,"41":1,"42":1,"43":1,"44":1,"45":1,"46":1,"47":1,"48":1,"49":1,"50":1,"51":1,"52":1,"53":0,"54":1,"55":1,"56":0,"57":0,"58":0,"59":1,"60":1,"61":1,"62":0,"63":1,"64":1,"65":1,"66":1,"67":1,"68":1,"69":0,"70":0,"71":1,"72":1,"73":1,"74":1,"75":0,"76":1,"77":1,"78":1,"79":1,"80":1,"81":1,"82":1,"83":1,"84":1,"85":1,"86":1,"87":503,"88":503,"89":503,"90":503,"91":503,"92":503,"93":503,"94":503,"95":1,"96":1,"97":0,"98":0,"99":0,"100":0,"101":0,"102":0,"103":0,"104":0,"105":0,"106":0,"107":0,"108":0,"109":0,"110":0,"111":0,"112":0,"113":0,"114":0,"115":0,"116":0,"117":0,"118":0,"119":0,"120":0,"121":0,"122":0,"123":0,"124":0,"125":0,"126":0,"127":0,"128":0,"129":0,"130":0,"131":0,"132":0,"133":0,"134":0,"135":0,"136":0,"137":0,"138":0,"139":0,"140":0,"141":0,"142":0,"143":0,"144":0,"145":0,"146":0,"147":0,"148":0,"149":0,"150":0,"151":0,"152":0,"153":0,"154":0,"155":0,"156":0,"157":0,"158":0,"159":0,"160":0,"161":0,"162":0,"163":0,"164":0,"165":0,"166":0,"167":0,"168":0,"169":0,"170":0,"171":0,"172":0,"173":0,"174":0,"175":0,"176":0,"177":0,"178":0,"179":0,"180":0,"181":0,"182":0,"183":0,"184":0,"185":0,"186":0,"187":0,"188":0,"189":0,"190":0,"191":0,"192":0,"193":0,"194":0,"195":0,"196":0,"197":0,"198":0,"199":0,"200":0,"201":0,"202":0,"203":1,"204":1,"205":1,"206":1,"207":1},"f":{"0":0,"1":0,"2":1,"3":1,"4":1,"5":0,"6":1,"7":0,"8":503,"9":1,"10":0,"11":0,"12":0,"13":0,"14":0,"15":0,"16":0,"17":0,"18":0},"b":{"0":[0,0],"1":[0,0],"2":[0,0],"3":[0,1],"4":[1,1],"5":[0,1],"6":[1,0],"7":[0,1],"8":[0,1],"9":[0,1],"10":[0,1],"11":[1,0],"12":[1,0],"13":[0,1],"14":[377,126],"15":[150,353],"16":[0,0],"17":[0,0,0,0],"18":[0,0],"19":[0,0],"20":[0,0],"21":[0,0],"22":[0,0],"23":[0,0],"24":[0,0],"25":[0,0],"26":[0,0],"27":[0,0],"28":[0,0],"29":[0,0],"30":[0,0],"31":[0,0],"32":[0,0],"33":[0,0],"34":[0,0],"35":[0,0]},"_coverageSchema":"1a1c01bbd47fc00a2c39e90264f33305004495a9","hash":"ac261dce00c654a17924fbf14414b8a195e5f01e"}
,"/Users/alejandroparra/Documents/Web/stock-advisor/stock-advisor-backend/dbApi/Stock.js": {"path":"/Users/alejandroparra/Documents/Web/stock-advisor/stock-advisor-backend/dbApi/Stock.js","statementMap":{"0":{"start":{"line":1,"column":17},"end":{"line":1,"column":48}},"1":{"start":{"line":2,"column":15},"end":{"line":2,"column":42}},"2":{"start":{"line":3,"column":21},"end":{"line":3,"column":45}},"3":{"start":{"line":4,"column":24},"end":{"line":4,"column":54}},"4":{"start":{"line":8,"column":4},"end":{"line":12,"column":5}},"5":{"start":{"line":9,"column":8},"end":{"line":9,"column":87}},"6":{"start":{"line":11,"column":8},"end":{"line":11,"column":105}},"7":{"start":{"line":14,"column":4},"end":{"line":14,"column":15}},"8":{"start":{"line":18,"column":4},"end":{"line":18,"column":115}},"9":{"start":{"line":23,"column":4},"end":{"line":23,"column":72}},"10":{"start":{"line":27,"column":4},"end":{"line":27,"column":289}},"11":{"start":{"line":31,"column":4},"end":{"line":31,"column":88}},"12":{"start":{"line":35,"column":4},"end":{"line":35,"column":66}},"13":{"start":{"line":43,"column":4},"end":{"line":57,"column":7}},"14":{"start":{"line":49,"column":8},"end":{"line":53,"column":9}},"15":{"start":{"line":52,"column":12},"end":{"line":52,"column":27}},"16":{"start":{"line":56,"column":8},"end":{"line":56,"column":24}},"17":{"start":{"line":58,"column":4},"end":{"line":58,"column":18}},"18":{"start":{"line":65,"column":4},"end":{"line":70,"column":11}},"19":{"start":{"line":67,"column":12},"end":{"line":67,"column":24}},"20":{"start":{"line":74,"column":0},"end":{"line":74,"column":47}},"21":{"start":{"line":75,"column":0},"end":{"line":75,"column":57}},"22":{"start":{"line":76,"column":0},"end":{"line":76,"column":51}},"23":{"start":{"line":77,"column":0},"end":{"line":77,"column":49}},"24":{"start":{"line":78,"column":0},"end":{"line":78,"column":55}},"25":{"start":{"line":79,"column":0},"end":{"line":79,"column":49}},"26":{"start":{"line":80,"column":0},"end":{"line":80,"column":43}}},"fnMap":{"0":{"name":"searchStocksBy","decl":{"start":{"line":6,"column":15},"end":{"line":6,"column":29}},"loc":{"start":{"line":6,"column":44},"end":{"line":15,"column":1}},"line":6},"1":{"name":"registerBoughtStock","decl":{"start":{"line":17,"column":15},"end":{"line":17,"column":34}},"loc":{"start":{"line":17,"column":57},"end":{"line":20,"column":1}},"line":17},"2":{"name":"getUserOperation","decl":{"start":{"line":22,"column":15},"end":{"line":22,"column":31}},"loc":{"start":{"line":22,"column":40},"end":{"line":24,"column":1}},"line":22},"3":{"name":"updateOperation","decl":{"start":{"line":26,"column":15},"end":{"line":26,"column":30}},"loc":{"start":{"line":26,"column":66},"end":{"line":28,"column":1}},"line":26},"4":{"name":"getUsersOperations","decl":{"start":{"line":30,"column":15},"end":{"line":30,"column":33}},"loc":{"start":{"line":30,"column":40},"end":{"line":32,"column":1}},"line":30},"5":{"name":"getAllStocks","decl":{"start":{"line":34,"column":15},"end":{"line":34,"column":27}},"loc":{"start":{"line":34,"column":30},"end":{"line":36,"column":1}},"line":34},"6":{"name":"getStockDetails","decl":{"start":{"line":41,"column":15},"end":{"line":41,"column":30}},"loc":{"start":{"line":41,"column":59},"end":{"line":59,"column":1}},"line":41},"7":{"name":"(anonymous_7)","decl":{"start":{"line":48,"column":7},"end":{"line":48,"column":8}},"loc":{"start":{"line":48,"column":30},"end":{"line":57,"column":5}},"line":48},"8":{"name":"getSymbols","decl":{"start":{"line":64,"column":15},"end":{"line":64,"column":25}},"loc":{"start":{"line":64,"column":28},"end":{"line":71,"column":1}},"line":64},"9":{"name":"(anonymous_9)","decl":{"start":{"line":66,"column":14},"end":{"line":66,"column":15}},"loc":{"start":{"line":66,"column":24},"end":{"line":70,"column":9}},"line":66}},"branchMap":{"0":{"loc":{"start":{"line":8,"column":4},"end":{"line":12,"column":5}},"type":"if","locations":[{"start":{"line":8,"column":4},"end":{"line":12,"column":5}},{"start":{"line":8,"column":4},"end":{"line":12,"column":5}}],"line":8},"1":{"loc":{"start":{"line":49,"column":8},"end":{"line":53,"column":9}},"type":"if","locations":[{"start":{"line":49,"column":8},"end":{"line":53,"column":9}},{"start":{"line":49,"column":8},"end":{"line":53,"column":9}}],"line":49}},"s":{"0":1,"1":1,"2":1,"3":1,"4":1,"5":0,"6":1,"7":1,"8":0,"9":0,"10":0,"11":0,"12":0,"13":1,"14":1,"15":0,"16":1,"17":1,"18":0,"19":0,"20":1,"21":1,"22":1,"23":1,"24":1,"25":1,"26":1},"f":{"0":1,"1":0,"2":0,"3":0,"4":0,"5":0,"6":1,"7":1,"8":0,"9":0},"b":{"0":[0,1],"1":[0,1]},"_coverageSchema":"1a1c01bbd47fc00a2c39e90264f33305004495a9","hash":"bd78381a17bce98cca228c43618b0d877bc6aeee"}
,"/Users/alejandroparra/Documents/Web/stock-advisor/stock-advisor-backend/dbApi/User.js": {"path":"/Users/alejandroparra/Documents/Web/stock-advisor/stock-advisor-backend/dbApi/User.js","statementMap":{"0":{"start":{"line":1,"column":17},"end":{"line":1,"column":48}},"1":{"start":{"line":2,"column":15},"end":{"line":2,"column":42}},"2":{"start":{"line":5,"column":4},"end":{"line":5,"column":64}},"3":{"start":{"line":10,"column":4},"end":{"line":10,"column":83}},"4":{"start":{"line":15,"column":4},"end":{"line":15,"column":26}},"5":{"start":{"line":16,"column":4},"end":{"line":16,"column":88}},"6":{"start":{"line":21,"column":4},"end":{"line":21,"column":86}},"7":{"start":{"line":26,"column":4},"end":{"line":26,"column":77}},"8":{"start":{"line":30,"column":0},"end":{"line":30,"column":43}},"9":{"start":{"line":31,"column":0},"end":{"line":31,"column":41}},"10":{"start":{"line":32,"column":0},"end":{"line":32,"column":43}},"11":{"start":{"line":33,"column":0},"end":{"line":33,"column":43}},"12":{"start":{"line":34,"column":0},"end":{"line":34,"column":45}}},"fnMap":{"0":{"name":"registerUser","decl":{"start":{"line":4,"column":15},"end":{"line":4,"column":27}},"loc":{"start":{"line":4,"column":34},"end":{"line":6,"column":1}},"line":4},"1":{"name":"findUsersBy","decl":{"start":{"line":8,"column":15},"end":{"line":8,"column":26}},"loc":{"start":{"line":8,"column":41},"end":{"line":12,"column":1}},"line":8},"2":{"name":"findUsersById","decl":{"start":{"line":14,"column":15},"end":{"line":14,"column":28}},"loc":{"start":{"line":14,"column":35},"end":{"line":18,"column":1}},"line":14},"3":{"name":"updateUserBy","decl":{"start":{"line":20,"column":15},"end":{"line":20,"column":27}},"loc":{"start":{"line":20,"column":50},"end":{"line":23,"column":1}},"line":20},"4":{"name":"deleteUserBy","decl":{"start":{"line":25,"column":15},"end":{"line":25,"column":27}},"loc":{"start":{"line":25,"column":42},"end":{"line":28,"column":1}},"line":25}},"branchMap":{},"s":{"0":1,"1":1,"2":0,"3":0,"4":1,"5":1,"6":0,"7":0,"8":1,"9":1,"10":1,"11":1,"12":1},"f":{"0":0,"1":0,"2":1,"3":0,"4":0},"b":{},"_coverageSchema":"1a1c01bbd47fc00a2c39e90264f33305004495a9","hash":"998b4edf357698f6d6d9b05dab8d9e85e455c745"}
,"/Users/alejandroparra/Documents/Web/stock-advisor/stock-advisor-backend/services/Database.js": {"path":"/Users/alejandroparra/Documents/Web/stock-advisor/stock-advisor-backend/services/Database.js","statementMap":{"0":{"start":{"line":1,"column":14},"end":{"line":1,"column":44}},"1":{"start":{"line":4,"column":20},"end":{"line":7,"column":1}},"2":{"start":{"line":10,"column":4},"end":{"line":20,"column":5}},"3":{"start":{"line":11,"column":8},"end":{"line":11,"column":130}},"4":{"start":{"line":12,"column":8},"end":{"line":12,"column":44}},"5":{"start":{"line":13,"column":8},"end":{"line":13,"column":45}},"6":{"start":{"line":14,"column":8},"end":{"line":14,"column":61}},"7":{"start":{"line":15,"column":8},"end":{"line":15,"column":63}},"8":{"start":{"line":16,"column":8},"end":{"line":16,"column":18}},"9":{"start":{"line":18,"column":8},"end":{"line":18,"column":56}},"10":{"start":{"line":19,"column":8},"end":{"line":19,"column":20}},"11":{"start":{"line":24,"column":2},"end":{"line":24,"column":23}},"12":{"start":{"line":27,"column":0},"end":{"line":27,"column":45}},"13":{"start":{"line":28,"column":0},"end":{"line":28,"column":49}},"14":{"start":{"line":29,"column":0},"end":{"line":29,"column":23}},"15":{"start":{"line":30,"column":0},"end":{"line":30,"column":41}}},"fnMap":{"0":{"name":"connectToServer","decl":{"start":{"line":9,"column":15},"end":{"line":9,"column":30}},"loc":{"start":{"line":9,"column":33},"end":{"line":21,"column":1}},"line":9},"1":{"name":"closeDatabase","decl":{"start":{"line":23,"column":15},"end":{"line":23,"column":28}},"loc":{"start":{"line":23,"column":31},"end":{"line":25,"column":1}},"line":23}},"branchMap":{},"s":{"0":1,"1":1,"2":1,"3":1,"4":1,"5":1,"6":1,"7":1,"8":1,"9":0,"10":0,"11":1,"12":1,"13":1,"14":1,"15":1},"f":{"0":1,"1":1},"b":{},"_coverageSchema":"1a1c01bbd47fc00a2c39e90264f33305004495a9","hash":"886d6a4226ea3a6b560ba24c68c799b37c808f6e"}
}
