TN:
SF:controllers/Stock.js
FN:8,searchStock
FN:21,(anonymous_1)
FN:53,getStockDetails
FN:67,(anonymous_3)
FN:103,(anonymous_4)
FN:104,(anonymous_5)
FN:107,(anonymous_6)
FN:114,(anonymous_7)
FN:145,(anonymous_8)
FN:155,(anonymous_9)
FN:162,buyStock
FN:177,(anonymous_11)
FN:241,sellStock
FN:253,(anonymous_13)
FN:282,(anonymous_14)
FN:328,getUserOperations
FN:339,(anonymous_16)
FN:357,(anonymous_17)
FN:358,(anonymous_18)
FNF:19
FNH:6
FNDA:0,searchStock
FNDA:0,(anonymous_1)
FNDA:1,getStockDetails
FNDA:1,(anonymous_3)
FNDA:1,(anonymous_4)
FNDA:0,(anonymous_5)
FNDA:1,(anonymous_6)
FNDA:0,(anonymous_7)
FNDA:503,(anonymous_8)
FNDA:1,(anonymous_9)
FNDA:0,buyStock
FNDA:0,(anonymous_11)
FNDA:0,sellStock
FNDA:0,(anonymous_13)
FNDA:0,(anonymous_14)
FNDA:0,getUserOperations
FNDA:0,(anonymous_16)
FNDA:0,(anonymous_17)
FNDA:0,(anonymous_18)
DA:1,1
DA:2,1
DA:3,1
DA:4,1
DA:5,1
DA:6,1
DA:10,0
DA:11,0
DA:14,0
DA:15,0
DA:16,0
DA:17,0
DA:21,0
DA:22,0
DA:26,0
DA:27,0
DA:29,0
DA:30,0
DA:31,0
DA:34,0
DA:35,0
DA:38,0
DA:39,0
DA:42,0
DA:43,0
DA:49,0
DA:54,1
DA:55,1
DA:56,1
DA:57,0
DA:59,1
DA:60,1
DA:61,1
DA:63,1
DA:67,1
DA:68,1
DA:72,1
DA:73,0
DA:78,1
DA:79,1
DA:80,1
DA:81,1
DA:82,1
DA:83,1
DA:84,1
DA:85,1
DA:86,1
DA:87,1
DA:88,1
DA:89,1
DA:91,1
DA:92,1
DA:93,1
DA:94,1
DA:95,1
DA:98,0
DA:99,0
DA:102,1
DA:103,1
DA:104,1
DA:105,0
DA:107,1
DA:108,1
DA:109,1
DA:110,1
DA:111,1
DA:112,1
DA:115,0
DA:116,0
DA:119,1
DA:120,1
DA:121,1
DA:123,1
DA:124,0
DA:125,1
DA:126,1
DA:130,1
DA:131,1
DA:132,1
DA:133,1
DA:134,1
DA:135,1
DA:136,1
DA:137,1
DA:138,1
DA:146,503
DA:147,503
DA:148,503
DA:149,503
DA:150,503
DA:151,503
DA:152,503
DA:153,503
DA:155,1
DA:158,1
DA:164,0
DA:165,0
DA:168,0
DA:169,0
DA:170,0
DA:171,0
DA:172,0
DA:174,0
DA:177,0
DA:178,0
DA:182,0
DA:183,0
DA:185,0
DA:187,0
DA:188,0
DA:189,0
DA:190,0
DA:191,0
DA:192,0
DA:193,0
DA:196,0
DA:197,0
DA:198,0
DA:202,0
DA:203,0
DA:206,0
DA:207,0
DA:208,0
DA:209,0
DA:210,0
DA:211,0
DA:212,0
DA:214,0
DA:215,0
DA:225,0
DA:226,0
DA:227,0
DA:228,0
DA:231,0
DA:232,0
DA:236,0
DA:243,0
DA:244,0
DA:246,0
DA:247,0
DA:248,0
DA:249,0
DA:253,0
DA:254,0
DA:259,0
DA:260,0
DA:263,0
DA:264,0
DA:265,0
DA:266,0
DA:267,0
DA:268,0
DA:269,0
DA:270,0
DA:271,0
DA:275,0
DA:276,0
DA:280,0
DA:282,0
DA:283,0
DA:286,0
DA:287,0
DA:288,0
DA:293,0
DA:297,0
DA:298,0
DA:299,0
DA:300,0
DA:301,0
DA:302,0
DA:303,0
DA:306,0
DA:307,0
DA:313,0
DA:314,0
DA:317,0
DA:318,0
DA:320,0
DA:323,0
DA:325,0
DA:330,0
DA:331,0
DA:333,0
DA:334,0
DA:335,0
DA:339,0
DA:340,0
DA:344,0
DA:345,0
DA:348,0
DA:349,0
DA:350,0
DA:353,0
DA:354,0
DA:356,0
DA:357,0
DA:358,0
DA:361,0
DA:364,1
DA:365,1
DA:366,1
DA:367,1
DA:368,1
LF:203
LH:72
BRDA:10,0,0,0
BRDA:10,0,1,0
BRDA:26,1,0,0
BRDA:26,1,1,0
BRDA:29,2,0,0
BRDA:29,2,1,0
BRDA:56,3,0,0
BRDA:56,3,1,1
BRDA:56,4,0,1
BRDA:56,4,1,1
BRDA:72,5,0,0
BRDA:72,5,1,1
BRDA:82,6,0,1
BRDA:82,6,1,0
BRDA:84,7,0,0
BRDA:84,7,1,1
BRDA:93,8,0,0
BRDA:93,8,1,1
BRDA:95,9,0,0
BRDA:95,9,1,1
BRDA:123,10,0,0
BRDA:123,10,1,1
BRDA:125,11,0,1
BRDA:125,11,1,0
BRDA:133,12,0,1
BRDA:133,12,1,0
BRDA:135,13,0,0
BRDA:135,13,1,1
BRDA:149,14,0,377
BRDA:149,14,1,126
BRDA:151,15,0,150
BRDA:151,15,1,353
BRDA:164,16,0,0
BRDA:164,16,1,0
BRDA:164,17,0,0
BRDA:164,17,1,0
BRDA:164,17,2,0
BRDA:164,17,3,0
BRDA:182,18,0,0
BRDA:182,18,1,0
BRDA:189,19,0,0
BRDA:189,19,1,0
BRDA:191,20,0,0
BRDA:191,20,1,0
BRDA:209,21,0,0
BRDA:209,21,1,0
BRDA:211,22,0,0
BRDA:211,22,1,0
BRDA:214,23,0,0
BRDA:214,23,1,0
BRDA:243,24,0,0
BRDA:243,24,1,0
BRDA:243,25,0,0
BRDA:243,25,1,0
BRDA:259,26,0,0
BRDA:259,26,1,0
BRDA:267,27,0,0
BRDA:267,27,1,0
BRDA:269,28,0,0
BRDA:269,28,1,0
BRDA:300,29,0,0
BRDA:300,29,1,0
BRDA:302,30,0,0
BRDA:302,30,1,0
BRDA:306,31,0,0
BRDA:306,31,1,0
BRDA:330,32,0,0
BRDA:330,32,1,0
BRDA:344,33,0,0
BRDA:344,33,1,0
BRDA:357,34,0,0
BRDA:357,34,1,0
BRDA:358,35,0,0
BRDA:358,35,1,0
BRF:74
BRH:16
end_of_record
TN:
SF:dbApi/Stock.js
FN:6,searchStocksBy
FN:17,registerBoughtStock
FN:22,getUserOperation
FN:26,updateOperation
FN:30,getUsersOperations
FN:34,getAllStocks
FN:41,getStockDetails
FN:48,(anonymous_7)
FN:64,getSymbols
FN:66,(anonymous_9)
FNF:10
FNH:3
FNDA:1,searchStocksBy
FNDA:0,registerBoughtStock
FNDA:0,getUserOperation
FNDA:0,updateOperation
FNDA:0,getUsersOperations
FNDA:0,getAllStocks
FNDA:1,getStockDetails
FNDA:1,(anonymous_7)
FNDA:0,getSymbols
FNDA:0,(anonymous_9)
DA:1,1
DA:2,1
DA:3,1
DA:4,1
DA:8,1
DA:9,0
DA:11,1
DA:14,1
DA:18,0
DA:23,0
DA:27,0
DA:31,0
DA:35,0
DA:43,1
DA:49,1
DA:52,0
DA:56,1
DA:58,1
DA:65,0
DA:67,0
DA:74,1
DA:75,1
DA:76,1
DA:77,1
DA:78,1
DA:79,1
DA:80,1
LF:27
LH:18
BRDA:8,0,0,0
BRDA:8,0,1,1
BRDA:49,1,0,0
BRDA:49,1,1,1
BRF:4
BRH:2
end_of_record
TN:
SF:dbApi/User.js
FN:4,registerUser
FN:8,findUsersBy
FN:14,findUsersById
FN:20,updateUserBy
FN:25,deleteUserBy
FNF:5
FNH:1
FNDA:0,registerUser
FNDA:0,findUsersBy
FNDA:1,findUsersById
FNDA:0,updateUserBy
FNDA:0,deleteUserBy
DA:1,1
DA:2,1
DA:5,0
DA:10,0
DA:15,1
DA:16,1
DA:21,0
DA:26,0
DA:30,1
DA:31,1
DA:32,1
DA:33,1
DA:34,1
LF:13
LH:9
BRF:0
BRH:0
end_of_record
TN:
SF:services/Database.js
FN:9,connectToServer
FN:23,closeDatabase
FNF:2
FNH:2
FNDA:1,connectToServer
FNDA:1,closeDatabase
DA:1,1
DA:4,1
DA:10,1
DA:11,1
DA:12,1
DA:13,1
DA:14,1
DA:15,1
DA:16,1
DA:18,0
DA:19,0
DA:24,1
DA:27,1
DA:28,1
DA:29,1
DA:30,1
LF:16
LH:14
BRF:0
BRH:0
end_of_record
