TN:
SF:controllers/Stock.js
FN:8,searchStock
FN:21,(anonymous_1)
FN:53,getStockDetails
FN:65,(anonymous_3)
FN:101,(anonymous_4)
FN:102,(anonymous_5)
FN:105,(anonymous_6)
FN:112,(anonymous_7)
FN:143,(anonymous_8)
FN:153,(anonymous_9)
FN:160,buyStock
FN:175,(anonymous_11)
FN:239,sellStock
FN:251,(anonymous_13)
FN:280,(anonymous_14)
FN:326,getUserOperations
FN:337,(anonymous_16)
FN:355,(anonymous_17)
FN:356,(anonymous_18)
FNF:19
FNH:8
FNDA:2,searchStock
FNDA:2,(anonymous_1)
FNDA:1,getStockDetails
FNDA:1,(anonymous_3)
FNDA:1,(anonymous_4)
FNDA:0,(anonymous_5)
FNDA:1,(anonymous_6)
FNDA:0,(anonymous_7)
FNDA:503,(anonymous_8)
FNDA:1,(anonymous_9)
FNDA:0,buyStock
FNDA:0,(anonymous_11)
FNDA:0,sellStock
FNDA:0,(anonymous_13)
FNDA:0,(anonymous_14)
FNDA:0,getUserOperations
FNDA:0,(anonymous_16)
FNDA:0,(anonymous_17)
FNDA:0,(anonymous_18)
DA:1,1
DA:2,1
DA:3,1
DA:4,1
DA:5,1
DA:6,1
DA:10,2
DA:11,0
DA:14,2
DA:15,2
DA:16,2
DA:17,2
DA:21,2
DA:22,2
DA:26,2
DA:27,0
DA:29,2
DA:30,1
DA:31,1
DA:34,0
DA:35,0
DA:38,1
DA:39,1
DA:42,0
DA:43,0
DA:49,2
DA:54,1
DA:55,0
DA:57,1
DA:58,1
DA:59,1
DA:61,1
DA:65,1
DA:66,1
DA:70,1
DA:71,0
DA:76,1
DA:77,1
DA:78,1
DA:79,1
DA:80,1
DA:81,1
DA:82,1
DA:83,1
DA:84,1
DA:85,1
DA:86,1
DA:87,1
DA:89,1
DA:90,1
DA:91,1
DA:92,1
DA:93,1
DA:96,0
DA:97,0
DA:100,1
DA:101,1
DA:102,1
DA:103,0
DA:105,1
DA:106,1
DA:107,1
DA:108,1
DA:109,1
DA:110,1
DA:113,0
DA:114,0
DA:117,1
DA:118,1
DA:119,1
DA:121,1
DA:122,0
DA:123,1
DA:124,1
DA:128,1
DA:129,1
DA:130,1
DA:131,1
DA:132,1
DA:133,1
DA:134,1
DA:135,1
DA:136,1
DA:144,503
DA:145,503
DA:146,503
DA:147,503
DA:148,503
DA:149,503
DA:150,503
DA:151,503
DA:153,1
DA:156,1
DA:162,0
DA:163,0
DA:166,0
DA:167,0
DA:168,0
DA:169,0
DA:170,0
DA:172,0
DA:175,0
DA:176,0
DA:180,0
DA:181,0
DA:183,0
DA:185,0
DA:186,0
DA:187,0
DA:188,0
DA:189,0
DA:190,0
DA:191,0
DA:194,0
DA:195,0
DA:196,0
DA:200,0
DA:201,0
DA:204,0
DA:205,0
DA:206,0
DA:207,0
DA:208,0
DA:209,0
DA:210,0
DA:212,0
DA:213,0
DA:223,0
DA:224,0
DA:225,0
DA:226,0
DA:229,0
DA:230,0
DA:234,0
DA:241,0
DA:242,0
DA:244,0
DA:245,0
DA:246,0
DA:247,0
DA:251,0
DA:252,0
DA:257,0
DA:258,0
DA:261,0
DA:262,0
DA:263,0
DA:264,0
DA:265,0
DA:266,0
DA:267,0
DA:268,0
DA:269,0
DA:273,0
DA:274,0
DA:278,0
DA:280,0
DA:281,0
DA:284,0
DA:285,0
DA:286,0
DA:291,0
DA:295,0
DA:296,0
DA:297,0
DA:298,0
DA:299,0
DA:300,0
DA:301,0
DA:304,0
DA:305,0
DA:311,0
DA:312,0
DA:315,0
DA:316,0
DA:318,0
DA:321,0
DA:323,0
DA:328,0
DA:329,0
DA:331,0
DA:332,0
DA:333,0
DA:337,0
DA:338,0
DA:342,0
DA:343,0
DA:346,0
DA:347,0
DA:348,0
DA:351,0
DA:352,0
DA:354,0
DA:355,0
DA:356,0
DA:359,0
DA:362,1
DA:363,1
DA:364,1
DA:365,1
DA:366,1
LF:201
LH:84
BRDA:10,0,0,0
BRDA:10,0,1,2
BRDA:26,1,0,0
BRDA:26,1,1,2
BRDA:29,2,0,1
BRDA:29,2,1,1
BRDA:54,3,0,0
BRDA:54,3,1,1
BRDA:54,4,0,1
BRDA:54,4,1,1
BRDA:70,5,0,0
BRDA:70,5,1,1
BRDA:80,6,0,1
BRDA:80,6,1,0
BRDA:82,7,0,0
BRDA:82,7,1,1
BRDA:91,8,0,0
BRDA:91,8,1,1
BRDA:93,9,0,0
BRDA:93,9,1,1
BRDA:121,10,0,0
BRDA:121,10,1,1
BRDA:123,11,0,1
BRDA:123,11,1,0
BRDA:131,12,0,1
BRDA:131,12,1,0
BRDA:133,13,0,0
BRDA:133,13,1,1
BRDA:147,14,0,377
BRDA:147,14,1,126
BRDA:149,15,0,150
BRDA:149,15,1,353
BRDA:162,16,0,0
BRDA:162,16,1,0
BRDA:162,17,0,0
BRDA:162,17,1,0
BRDA:162,17,2,0
BRDA:162,17,3,0
BRDA:180,18,0,0
BRDA:180,18,1,0
BRDA:187,19,0,0
BRDA:187,19,1,0
BRDA:189,20,0,0
BRDA:189,20,1,0
BRDA:207,21,0,0
BRDA:207,21,1,0
BRDA:209,22,0,0
BRDA:209,22,1,0
BRDA:212,23,0,0
BRDA:212,23,1,0
BRDA:241,24,0,0
BRDA:241,24,1,0
BRDA:241,25,0,0
BRDA:241,25,1,0
BRDA:257,26,0,0
BRDA:257,26,1,0
BRDA:265,27,0,0
BRDA:265,27,1,0
BRDA:267,28,0,0
BRDA:267,28,1,0
BRDA:298,29,0,0
BRDA:298,29,1,0
BRDA:300,30,0,0
BRDA:300,30,1,0
BRDA:304,31,0,0
BRDA:304,31,1,0
BRDA:328,32,0,0
BRDA:328,32,1,0
BRDA:342,33,0,0
BRDA:342,33,1,0
BRDA:355,34,0,0
BRDA:355,34,1,0
BRDA:356,35,0,0
BRDA:356,35,1,0
BRF:74
BRH:20
end_of_record
TN:
SF:controllers/Utilities.js
FN:4,sendEmail
FN:12,(anonymous_1)
FN:19,(anonymous_2)
FN:29,signToken
FNF:4
FNH:4
FNDA:2,sendEmail
FNDA:2,(anonymous_1)
FNDA:2,(anonymous_2)
FNDA:4,signToken
DA:1,2
DA:2,2
DA:5,2
DA:12,2
DA:13,2
DA:19,2
DA:20,2
DA:21,1
DA:23,1
DA:30,4
DA:34,4
DA:37,4
DA:40,2
DA:41,2
LF:14
LH:14
BRDA:20,0,0,1
BRDA:20,0,1,1
BRF:2
BRH:2
end_of_record
TN:
SF:dbApi/Stock.js
FN:6,searchStocksBy
FN:17,registerBoughtStock
FN:22,getUserOperation
FN:26,updateOperation
FN:30,getUsersOperations
FN:34,getAllStocks
FN:41,getStockDetails
FN:48,(anonymous_7)
FN:64,getSymbols
FN:66,(anonymous_9)
FNF:10
FNH:4
FNDA:2,searchStocksBy
FNDA:0,registerBoughtStock
FNDA:0,getUserOperation
FNDA:0,updateOperation
FNDA:0,getUsersOperations
FNDA:1,getAllStocks
FNDA:1,getStockDetails
FNDA:1,(anonymous_7)
FNDA:0,getSymbols
FNDA:0,(anonymous_9)
DA:1,1
DA:2,1
DA:3,1
DA:4,1
DA:8,2
DA:9,0
DA:11,2
DA:14,2
DA:18,0
DA:23,0
DA:27,0
DA:31,0
DA:35,1
DA:43,1
DA:49,1
DA:52,0
DA:56,1
DA:58,1
DA:65,0
DA:67,0
DA:74,1
DA:75,1
DA:76,1
DA:77,1
DA:78,1
DA:79,1
DA:80,1
LF:27
LH:19
BRDA:8,0,0,0
BRDA:8,0,1,2
BRDA:49,1,0,0
BRDA:49,1,1,1
BRF:4
BRH:2
end_of_record
TN:
SF:dbApi/User.js
FN:4,registerUser
FN:8,findUsersBy
FN:14,findUsersById
FN:19,updateUserBy
FN:24,deleteUserBy
FNF:5
FNH:1
FNDA:0,registerUser
FNDA:0,findUsersBy
FNDA:1,findUsersById
FNDA:0,updateUserBy
FNDA:0,deleteUserBy
DA:1,1
DA:2,1
DA:5,0
DA:10,0
DA:15,1
DA:20,0
DA:25,0
DA:29,1
DA:30,1
DA:31,1
DA:32,1
DA:33,1
LF:12
LH:8
BRF:0
BRH:0
end_of_record
TN:
SF:services/Database.js
FN:9,connectToServer
FN:23,closeDatabase
FNF:2
FNH:2
FNDA:3,connectToServer
FNDA:3,closeDatabase
DA:1,1
DA:4,1
DA:10,3
DA:11,3
DA:12,3
DA:13,3
DA:14,3
DA:15,3
DA:16,3
DA:18,0
DA:19,0
DA:24,3
DA:27,1
DA:28,1
DA:29,1
DA:30,1
LF:16
LH:14
BRF:0
BRH:0
end_of_record
